[0.000000] (-) TimerEvent: {}
[0.000643] (-) JobUnselected: {'identifier': 'bringup_turtlebot3_pkg'}
[0.000923] (-) JobUnselected: {'identifier': 'intro_ros_pkg'}
[0.000936] (-) JobUnselected: {'identifier': 'kinematic_control_pkg'}
[0.000946] (-) JobUnselected: {'identifier': 'navigation_pkg'}
[0.000956] (-) JobUnselected: {'identifier': 'slam_pkg'}
[0.000967] (-) JobUnselected: {'identifier': 'transformations_pkg'}
[0.000976] (-) JobUnselected: {'identifier': 'turtlebot3_coppeliasim'}
[0.000988] (pure_pursuit_pkg) JobQueued: {'identifier': 'pure_pursuit_pkg', 'dependencies': OrderedDict()}
[0.001004] (pure_pursuit_pkg) JobStarted: {'identifier': 'pure_pursuit_pkg'}
[0.005759] (pure_pursuit_pkg) JobProgress: {'identifier': 'pure_pursuit_pkg', 'progress': 'cmake'}
[0.006065] (pure_pursuit_pkg) Command: {'cmd': ['/usr/bin/cmake', '/home/rinese/RM/RM_prac/src/pure_pursuit_pkg', '-DCMAKE_INSTALL_PREFIX=/home/rinese/RM/RM_prac/install/pure_pursuit_pkg'], 'cwd': '/home/rinese/RM/RM_prac/build/pure_pursuit_pkg', 'env': OrderedDict([('LESSOPEN', '| /usr/bin/lesspipe %s'), ('USER', 'rinese'), ('XDG_SESSION_TYPE', 'wayland'), ('SHLVL', '1'), ('LD_LIBRARY_PATH', '/usr/lib/x86_64-linux-gnu/gazebo-11/plugins:/opt/ros/humble/opt/rviz_ogre_vendor/lib:/opt/ros/humble/lib/x86_64-linux-gnu:/opt/ros/humble/lib'), ('HOME', '/home/rinese'), ('OLDPWD', '/home/rinese/RM/RM_prac/src'), ('DESKTOP_SESSION', 'ubuntu'), ('ROS_PYTHON_VERSION', '3'), ('GNOME_SHELL_SESSION_MODE', 'ubuntu'), ('GTK_MODULES', 'gail:atk-bridge'), ('SYSTEMD_EXEC_PID', '1562'), ('DBUS_SESSION_BUS_ADDRESS', 'unix:path=/run/user/1000/bus'), ('COLORTERM', 'truecolor'), ('IM_CONFIG_PHASE', '1'), ('WAYLAND_DISPLAY', 'wayland-0'), ('ROS_DISTRO', 'humble'), ('LOGNAME', 'rinese'), ('_', '/usr/bin/colcon'), ('ROS_VERSION', '2'), ('XDG_SESSION_CLASS', 'user'), ('USERNAME', 'rinese'), ('TERM', 'xterm-256color'), ('GNOME_DESKTOP_SESSION_ID', 'this-is-deprecated'), ('ROS_LOCALHOST_ONLY', '0'), ('PATH', '/opt/ros/humble/bin:/home/rinese/.local/bin:/usr/local/sbin:/usr/local/bin:/usr/sbin:/usr/bin:/sbin:/bin:/usr/games:/usr/local/games:/snap/bin:/snap/bin'), ('SESSION_MANAGER', 'local/ubuntu-machine:@/tmp/.ICE-unix/1534,unix/ubuntu-machine:/tmp/.ICE-unix/1534'), ('XDG_MENU_PREFIX', 'gnome-'), ('GNOME_TERMINAL_SCREEN', '/org/gnome/Terminal/screen/6fdd0cf9_07a9_41c8_85bd_a20eab474674'), ('GNOME_SETUP_DISPLAY', ':1'), ('XDG_RUNTIME_DIR', '/run/user/1000'), ('DISPLAY', ':0'), ('LANG', 'es_ES.UTF-8'), ('XDG_CURRENT_DESKTOP', 'ubuntu:GNOME'), ('XMODIFIERS', '@im=ibus'), ('XDG_SESSION_DESKTOP', 'ubuntu'), ('XAUTHORITY', '/run/user/1000/.mutter-Xwaylandauth.DR98J3'), ('LS_COLORS', 'rs=0:di=01;34:ln=01;36:mh=00:pi=40;33:so=01;35:do=01;35:bd=40;33;01:cd=40;33;01:or=40;31;01:mi=00:su=37;41:sg=30;43:ca=30;41:tw=30;42:ow=34;42:st=37;44:ex=01;32:*.tar=01;31:*.tgz=01;31:*.arc=01;31:*.arj=01;31:*.taz=01;31:*.lha=01;31:*.lz4=01;31:*.lzh=01;31:*.lzma=01;31:*.tlz=01;31:*.txz=01;31:*.tzo=01;31:*.t7z=01;31:*.zip=01;31:*.z=01;31:*.dz=01;31:*.gz=01;31:*.lrz=01;31:*.lz=01;31:*.lzo=01;31:*.xz=01;31:*.zst=01;31:*.tzst=01;31:*.bz2=01;31:*.bz=01;31:*.tbz=01;31:*.tbz2=01;31:*.tz=01;31:*.deb=01;31:*.rpm=01;31:*.jar=01;31:*.war=01;31:*.ear=01;31:*.sar=01;31:*.rar=01;31:*.alz=01;31:*.ace=01;31:*.zoo=01;31:*.cpio=01;31:*.7z=01;31:*.rz=01;31:*.cab=01;31:*.wim=01;31:*.swm=01;31:*.dwm=01;31:*.esd=01;31:*.jpg=01;35:*.jpeg=01;35:*.mjpg=01;35:*.mjpeg=01;35:*.gif=01;35:*.bmp=01;35:*.pbm=01;35:*.pgm=01;35:*.ppm=01;35:*.tga=01;35:*.xbm=01;35:*.xpm=01;35:*.tif=01;35:*.tiff=01;35:*.png=01;35:*.svg=01;35:*.svgz=01;35:*.mng=01;35:*.pcx=01;35:*.mov=01;35:*.mpg=01;35:*.mpeg=01;35:*.m2v=01;35:*.mkv=01;35:*.webm=01;35:*.webp=01;35:*.ogm=01;35:*.mp4=01;35:*.m4v=01;35:*.mp4v=01;35:*.vob=01;35:*.qt=01;35:*.nuv=01;35:*.wmv=01;35:*.asf=01;35:*.rm=01;35:*.rmvb=01;35:*.flc=01;35:*.avi=01;35:*.fli=01;35:*.flv=01;35:*.gl=01;35:*.dl=01;35:*.xcf=01;35:*.xwd=01;35:*.yuv=01;35:*.cgm=01;35:*.emf=01;35:*.ogv=01;35:*.ogx=01;35:*.aac=00;36:*.au=00;36:*.flac=00;36:*.m4a=00;36:*.mid=00;36:*.midi=00;36:*.mka=00;36:*.mp3=00;36:*.mpc=00;36:*.ogg=00;36:*.ra=00;36:*.wav=00;36:*.oga=00;36:*.opus=00;36:*.spx=00;36:*.xspf=00;36:'), ('GNOME_TERMINAL_SERVICE', ':1.129'), ('SSH_AGENT_LAUNCHER', 'gnome-keyring'), ('SSH_AUTH_SOCK', '/run/user/1000/keyring/ssh'), ('ROS_DOMAIN_ID', '30'), ('AMENT_PREFIX_PATH', '/opt/ros/humble'), ('SHELL', '/bin/bash'), ('QT_ACCESSIBILITY', '1'), ('GDMSESSION', 'ubuntu'), ('LESSCLOSE', '/usr/bin/lesspipe %s %s'), ('QT_IM_MODULE', 'ibus'), ('PWD', '/home/rinese/RM/RM_prac/build/pure_pursuit_pkg'), ('TURTLEBOT3_MODEL', 'burger'), ('XDG_CONFIG_DIRS', '/etc/xdg/xdg-ubuntu:/etc/xdg'), ('XDG_DATA_DIRS', '/usr/share/ubuntu:/usr/local/share/:/usr/share/:/var/lib/snapd/desktop'), ('PYTHONPATH', '/opt/ros/humble/lib/python3.10/site-packages:/opt/ros/humble/local/lib/python3.10/dist-packages'), ('COLCON', '1'), ('VTE_VERSION', '6800'), ('CMAKE_PREFIX_PATH', '/opt/ros/humble')]), 'shell': False}
[0.071002] (pure_pursuit_pkg) StdoutLine: {'line': b'-- The C compiler identification is GNU 11.4.0\n'}
[0.099659] (-) TimerEvent: {}
[0.114951] (pure_pursuit_pkg) StdoutLine: {'line': b'-- The CXX compiler identification is GNU 11.4.0\n'}
[0.120310] (pure_pursuit_pkg) StdoutLine: {'line': b'-- Detecting C compiler ABI info\n'}
[0.168219] (pure_pursuit_pkg) StdoutLine: {'line': b'-- Detecting C compiler ABI info - done\n'}
[0.173392] (pure_pursuit_pkg) StdoutLine: {'line': b'-- Check for working C compiler: /usr/bin/cc - skipped\n'}
[0.173507] (pure_pursuit_pkg) StdoutLine: {'line': b'-- Detecting C compile features\n'}
[0.173785] (pure_pursuit_pkg) StdoutLine: {'line': b'-- Detecting C compile features - done\n'}
[0.175809] (pure_pursuit_pkg) StdoutLine: {'line': b'-- Detecting CXX compiler ABI info\n'}
[0.199765] (-) TimerEvent: {}
[0.229518] (pure_pursuit_pkg) StdoutLine: {'line': b'-- Detecting CXX compiler ABI info - done\n'}
[0.234921] (pure_pursuit_pkg) StdoutLine: {'line': b'-- Check for working CXX compiler: /usr/bin/c++ - skipped\n'}
[0.235147] (pure_pursuit_pkg) StdoutLine: {'line': b'-- Detecting CXX compile features\n'}
[0.235532] (pure_pursuit_pkg) StdoutLine: {'line': b'-- Detecting CXX compile features - done\n'}
[0.237312] (pure_pursuit_pkg) StdoutLine: {'line': b'-- Found ament_cmake: 1.3.12 (/opt/ros/humble/share/ament_cmake/cmake)\n'}
[0.299961] (-) TimerEvent: {}
[0.337474] (pure_pursuit_pkg) StdoutLine: {'line': b'-- Found Python3: /usr/bin/python3 (found version "3.10.12") found components: Interpreter \n'}
[0.400183] (-) TimerEvent: {}
[0.401839] (pure_pursuit_pkg) StdoutLine: {'line': b'-- Found rclcpp: 16.0.15 (/opt/ros/humble/share/rclcpp/cmake)\n'}
[0.431288] (pure_pursuit_pkg) StdoutLine: {'line': b'-- Found rosidl_generator_c: 3.1.7 (/opt/ros/humble/share/rosidl_generator_c/cmake)\n'}
[0.435199] (pure_pursuit_pkg) StdoutLine: {'line': b'-- Found rosidl_adapter: 3.1.7 (/opt/ros/humble/share/rosidl_adapter/cmake)\n'}
[0.440816] (pure_pursuit_pkg) StdoutLine: {'line': b'-- Found rosidl_generator_cpp: 3.1.7 (/opt/ros/humble/share/rosidl_generator_cpp/cmake)\n'}
[0.448302] (pure_pursuit_pkg) StdoutLine: {'line': b'-- Using all available rosidl_typesupport_c: rosidl_typesupport_fastrtps_c;rosidl_typesupport_introspection_c\n'}
[0.459337] (pure_pursuit_pkg) StdoutLine: {'line': b'-- Using all available rosidl_typesupport_cpp: rosidl_typesupport_fastrtps_cpp;rosidl_typesupport_introspection_cpp\n'}
[0.487646] (pure_pursuit_pkg) StdoutLine: {'line': b'-- Found rmw_implementation_cmake: 6.1.2 (/opt/ros/humble/share/rmw_implementation_cmake/cmake)\n'}
[0.489527] (pure_pursuit_pkg) StdoutLine: {'line': b'-- Found rmw_fastrtps_cpp: 6.2.8 (/opt/ros/humble/share/rmw_fastrtps_cpp/cmake)\n'}
[0.500211] (-) TimerEvent: {}
[0.543590] (pure_pursuit_pkg) StdoutLine: {'line': b'-- Found OpenSSL: /usr/lib/x86_64-linux-gnu/libcrypto.so (found version "3.0.2")  \n'}
[0.562898] (pure_pursuit_pkg) StdoutLine: {'line': b'-- Found FastRTPS: /opt/ros/humble/include  \n'}
[0.591504] (pure_pursuit_pkg) StdoutLine: {'line': b"-- Using RMW implementation 'rmw_fastrtps_cpp' as default\n"}
[0.596682] (pure_pursuit_pkg) StdoutLine: {'line': b'-- Looking for pthread.h\n'}
[0.600314] (-) TimerEvent: {}
[0.645661] (pure_pursuit_pkg) StdoutLine: {'line': b'-- Looking for pthread.h - found\n'}
[0.645965] (pure_pursuit_pkg) StdoutLine: {'line': b'-- Performing Test CMAKE_HAVE_LIBC_PTHREAD\n'}
[0.696199] (pure_pursuit_pkg) StdoutLine: {'line': b'-- Performing Test CMAKE_HAVE_LIBC_PTHREAD - Success\n'}
[0.696960] (pure_pursuit_pkg) StdoutLine: {'line': b'-- Found Threads: TRUE  \n'}
[0.700420] (-) TimerEvent: {}
[0.733526] (pure_pursuit_pkg) StdoutLine: {'line': b'-- Found geometry_msgs: 4.9.0 (/opt/ros/humble/share/geometry_msgs/cmake)\n'}
[0.743090] (pure_pursuit_pkg) StdoutLine: {'line': b'-- Found tf2: 0.25.16 (/opt/ros/humble/share/tf2/cmake)\n'}
[0.749658] (pure_pursuit_pkg) StdoutLine: {'line': b'-- Found tf2_geometry_msgs: 0.25.16 (/opt/ros/humble/share/tf2_geometry_msgs/cmake)\n'}
[0.759506] (pure_pursuit_pkg) StdoutLine: {'line': b'-- Found eigen3_cmake_module: 0.1.1 (/opt/ros/humble/share/eigen3_cmake_module/cmake)\n'}
[0.760217] (pure_pursuit_pkg) StdoutLine: {'line': b'-- Found Eigen3: TRUE (found version "3.4.0") \n'}
[0.760297] (pure_pursuit_pkg) StdoutLine: {'line': b'-- Ensuring Eigen3 include directory is part of orocos-kdl CMake target\n'}
[0.800583] (-) TimerEvent: {}
[0.820306] (pure_pursuit_pkg) StdoutLine: {'line': b'-- Found visualization_msgs: 4.9.0 (/opt/ros/humble/share/visualization_msgs/cmake)\n'}
[0.845140] (pure_pursuit_pkg) StdoutLine: {'line': b'-- Found nav_msgs: 4.9.0 (/opt/ros/humble/share/nav_msgs/cmake)\n'}
[0.856659] (pure_pursuit_pkg) StdoutLine: {'line': b'-- Found rosidl_default_generators: 1.2.0 (/opt/ros/humble/share/rosidl_default_generators/cmake)\n'}
[0.900708] (-) TimerEvent: {}
[1.001018] (-) TimerEvent: {}
[1.055736] (pure_pursuit_pkg) StdoutLine: {'line': b'-- Found ament_cmake_ros: 0.10.0 (/opt/ros/humble/share/ament_cmake_ros/cmake)\n'}
[1.101124] (-) TimerEvent: {}
[1.201372] (-) TimerEvent: {}
[1.301693] (-) TimerEvent: {}
[1.341257] (pure_pursuit_pkg) StdoutLine: {'line': b'-- Using all available rosidl_typesupport_c: rosidl_typesupport_fastrtps_c;rosidl_typesupport_introspection_c\n'}
[1.401792] (-) TimerEvent: {}
[1.449137] (pure_pursuit_pkg) StdoutLine: {'line': b'-- Using all available rosidl_typesupport_cpp: rosidl_typesupport_fastrtps_cpp;rosidl_typesupport_introspection_cpp\n'}
[1.464538] (pure_pursuit_pkg) StdoutLine: {'line': b'-- Found PythonInterp: /usr/bin/python3 (found suitable version "3.10.12", minimum required is "3.6") \n'}
[1.465736] (pure_pursuit_pkg) StdoutLine: {'line': b'-- Found python_cmake_module: 0.10.0 (/opt/ros/humble/share/python_cmake_module/cmake)\n'}
[1.482906] (pure_pursuit_pkg) StdoutLine: {'line': b'-- Found PythonLibs: /usr/lib/x86_64-linux-gnu/libpython3.10.so (found suitable version "3.10.12", minimum required is "3.5") \n'}
[1.483122] (pure_pursuit_pkg) StdoutLine: {'line': b'-- Using PYTHON_EXECUTABLE: /usr/bin/python3\n'}
[1.483171] (pure_pursuit_pkg) StdoutLine: {'line': b'-- Using PYTHON_INCLUDE_DIRS: /usr/include/python3.10\n'}
[1.483214] (pure_pursuit_pkg) StdoutLine: {'line': b'-- Using PYTHON_LIBRARIES: /usr/lib/x86_64-linux-gnu/libpython3.10.so\n'}
[1.497494] (pure_pursuit_pkg) StdoutLine: {'line': b'-- Found PythonExtra: .so  \n'}
[1.501891] (-) TimerEvent: {}
[1.544406] (pure_pursuit_pkg) StdoutLine: {'line': b'-- Configuring done\n'}
[1.576513] (pure_pursuit_pkg) StdoutLine: {'line': b'-- Generating done\n'}
[1.598580] (pure_pursuit_pkg) StdoutLine: {'line': b'-- Build files have been written to: /home/rinese/RM/RM_prac/build/pure_pursuit_pkg\n'}
[1.602012] (-) TimerEvent: {}
[1.617081] (pure_pursuit_pkg) CommandEnded: {'returncode': 0}
[1.617596] (pure_pursuit_pkg) JobProgress: {'identifier': 'pure_pursuit_pkg', 'progress': 'build'}
[1.618071] (pure_pursuit_pkg) Command: {'cmd': ['/usr/bin/cmake', '--build', '/home/rinese/RM/RM_prac/build/pure_pursuit_pkg', '--', '-j8', '-l8'], 'cwd': '/home/rinese/RM/RM_prac/build/pure_pursuit_pkg', 'env': OrderedDict([('LESSOPEN', '| /usr/bin/lesspipe %s'), ('USER', 'rinese'), ('XDG_SESSION_TYPE', 'wayland'), ('SHLVL', '1'), ('LD_LIBRARY_PATH', '/usr/lib/x86_64-linux-gnu/gazebo-11/plugins:/opt/ros/humble/opt/rviz_ogre_vendor/lib:/opt/ros/humble/lib/x86_64-linux-gnu:/opt/ros/humble/lib'), ('HOME', '/home/rinese'), ('OLDPWD', '/home/rinese/RM/RM_prac/src'), ('DESKTOP_SESSION', 'ubuntu'), ('ROS_PYTHON_VERSION', '3'), ('GNOME_SHELL_SESSION_MODE', 'ubuntu'), ('GTK_MODULES', 'gail:atk-bridge'), ('SYSTEMD_EXEC_PID', '1562'), ('DBUS_SESSION_BUS_ADDRESS', 'unix:path=/run/user/1000/bus'), ('COLORTERM', 'truecolor'), ('IM_CONFIG_PHASE', '1'), ('WAYLAND_DISPLAY', 'wayland-0'), ('ROS_DISTRO', 'humble'), ('LOGNAME', 'rinese'), ('_', '/usr/bin/colcon'), ('ROS_VERSION', '2'), ('XDG_SESSION_CLASS', 'user'), ('USERNAME', 'rinese'), ('TERM', 'xterm-256color'), ('GNOME_DESKTOP_SESSION_ID', 'this-is-deprecated'), ('ROS_LOCALHOST_ONLY', '0'), ('PATH', '/opt/ros/humble/bin:/home/rinese/.local/bin:/usr/local/sbin:/usr/local/bin:/usr/sbin:/usr/bin:/sbin:/bin:/usr/games:/usr/local/games:/snap/bin:/snap/bin'), ('SESSION_MANAGER', 'local/ubuntu-machine:@/tmp/.ICE-unix/1534,unix/ubuntu-machine:/tmp/.ICE-unix/1534'), ('XDG_MENU_PREFIX', 'gnome-'), ('GNOME_TERMINAL_SCREEN', '/org/gnome/Terminal/screen/6fdd0cf9_07a9_41c8_85bd_a20eab474674'), ('GNOME_SETUP_DISPLAY', ':1'), ('XDG_RUNTIME_DIR', '/run/user/1000'), ('DISPLAY', ':0'), ('LANG', 'es_ES.UTF-8'), ('XDG_CURRENT_DESKTOP', 'ubuntu:GNOME'), ('XMODIFIERS', '@im=ibus'), ('XDG_SESSION_DESKTOP', 'ubuntu'), ('XAUTHORITY', '/run/user/1000/.mutter-Xwaylandauth.DR98J3'), ('LS_COLORS', 'rs=0:di=01;34:ln=01;36:mh=00:pi=40;33:so=01;35:do=01;35:bd=40;33;01:cd=40;33;01:or=40;31;01:mi=00:su=37;41:sg=30;43:ca=30;41:tw=30;42:ow=34;42:st=37;44:ex=01;32:*.tar=01;31:*.tgz=01;31:*.arc=01;31:*.arj=01;31:*.taz=01;31:*.lha=01;31:*.lz4=01;31:*.lzh=01;31:*.lzma=01;31:*.tlz=01;31:*.txz=01;31:*.tzo=01;31:*.t7z=01;31:*.zip=01;31:*.z=01;31:*.dz=01;31:*.gz=01;31:*.lrz=01;31:*.lz=01;31:*.lzo=01;31:*.xz=01;31:*.zst=01;31:*.tzst=01;31:*.bz2=01;31:*.bz=01;31:*.tbz=01;31:*.tbz2=01;31:*.tz=01;31:*.deb=01;31:*.rpm=01;31:*.jar=01;31:*.war=01;31:*.ear=01;31:*.sar=01;31:*.rar=01;31:*.alz=01;31:*.ace=01;31:*.zoo=01;31:*.cpio=01;31:*.7z=01;31:*.rz=01;31:*.cab=01;31:*.wim=01;31:*.swm=01;31:*.dwm=01;31:*.esd=01;31:*.jpg=01;35:*.jpeg=01;35:*.mjpg=01;35:*.mjpeg=01;35:*.gif=01;35:*.bmp=01;35:*.pbm=01;35:*.pgm=01;35:*.ppm=01;35:*.tga=01;35:*.xbm=01;35:*.xpm=01;35:*.tif=01;35:*.tiff=01;35:*.png=01;35:*.svg=01;35:*.svgz=01;35:*.mng=01;35:*.pcx=01;35:*.mov=01;35:*.mpg=01;35:*.mpeg=01;35:*.m2v=01;35:*.mkv=01;35:*.webm=01;35:*.webp=01;35:*.ogm=01;35:*.mp4=01;35:*.m4v=01;35:*.mp4v=01;35:*.vob=01;35:*.qt=01;35:*.nuv=01;35:*.wmv=01;35:*.asf=01;35:*.rm=01;35:*.rmvb=01;35:*.flc=01;35:*.avi=01;35:*.fli=01;35:*.flv=01;35:*.gl=01;35:*.dl=01;35:*.xcf=01;35:*.xwd=01;35:*.yuv=01;35:*.cgm=01;35:*.emf=01;35:*.ogv=01;35:*.ogx=01;35:*.aac=00;36:*.au=00;36:*.flac=00;36:*.m4a=00;36:*.mid=00;36:*.midi=00;36:*.mka=00;36:*.mp3=00;36:*.mpc=00;36:*.ogg=00;36:*.ra=00;36:*.wav=00;36:*.oga=00;36:*.opus=00;36:*.spx=00;36:*.xspf=00;36:'), ('GNOME_TERMINAL_SERVICE', ':1.129'), ('SSH_AGENT_LAUNCHER', 'gnome-keyring'), ('SSH_AUTH_SOCK', '/run/user/1000/keyring/ssh'), ('ROS_DOMAIN_ID', '30'), ('AMENT_PREFIX_PATH', '/opt/ros/humble'), ('SHELL', '/bin/bash'), ('QT_ACCESSIBILITY', '1'), ('GDMSESSION', 'ubuntu'), ('LESSCLOSE', '/usr/bin/lesspipe %s %s'), ('QT_IM_MODULE', 'ibus'), ('PWD', '/home/rinese/RM/RM_prac/build/pure_pursuit_pkg'), ('TURTLEBOT3_MODEL', 'burger'), ('XDG_CONFIG_DIRS', '/etc/xdg/xdg-ubuntu:/etc/xdg'), ('XDG_DATA_DIRS', '/usr/share/ubuntu:/usr/local/share/:/usr/share/:/var/lib/snapd/desktop'), ('PYTHONPATH', '/opt/ros/humble/lib/python3.10/site-packages:/opt/ros/humble/local/lib/python3.10/dist-packages'), ('COLCON', '1'), ('VTE_VERSION', '6800'), ('CMAKE_PREFIX_PATH', '/opt/ros/humble')]), 'shell': False}
[1.649399] (pure_pursuit_pkg) StdoutLine: {'line': b'[  2%] \x1b[34m\x1b[1mGenerating C code for ROS interfaces\x1b[0m\n'}
[1.656450] (pure_pursuit_pkg) StdoutLine: {'line': b'[  5%] \x1b[34m\x1b[1mGenerating C++ code for ROS interfaces\x1b[0m\n'}
[1.661302] (pure_pursuit_pkg) StdoutLine: {'line': b'[  5%] Built target ament_cmake_python_copy_pure_pursuit_pkg\n'}
[1.702103] (-) TimerEvent: {}
[1.802351] (-) TimerEvent: {}
[1.837091] (pure_pursuit_pkg) StdoutLine: {'line': b'[  5%] Built target pure_pursuit_pkg__cpp\n'}
[1.839575] (pure_pursuit_pkg) StdoutLine: {'line': b'[  8%] \x1b[32mBuilding C object CMakeFiles/pure_pursuit_pkg__rosidl_generator_c.dir/rosidl_generator_c/pure_pursuit_pkg/msg/detail/way_point_path__functions.c.o\x1b[0m\n'}
[1.843577] (pure_pursuit_pkg) StdoutLine: {'line': b'running egg_info\n'}
[1.844276] (pure_pursuit_pkg) StdoutLine: {'line': b'creating pure_pursuit_pkg.egg-info\n'}
[1.845308] (pure_pursuit_pkg) StdoutLine: {'line': b'writing pure_pursuit_pkg.egg-info/PKG-INFO\n'}
[1.845427] (pure_pursuit_pkg) StdoutLine: {'line': b'writing dependency_links to pure_pursuit_pkg.egg-info/dependency_links.txt\n'}
[1.845489] (pure_pursuit_pkg) StdoutLine: {'line': b'writing top-level names to pure_pursuit_pkg.egg-info/top_level.txt\n'}
[1.846123] (pure_pursuit_pkg) StdoutLine: {'line': b'[ 10%] \x1b[34m\x1b[1mGenerating C++ type support dispatch for ROS interfaces\x1b[0m\n'}
[1.846239] (pure_pursuit_pkg) StdoutLine: {'line': b'[ 13%] \x1b[34m\x1b[1mGenerating C++ type support for eProsima Fast-RTPS\x1b[0m\n'}
[1.846318] (pure_pursuit_pkg) StdoutLine: {'line': b'[ 16%] \x1b[34m\x1b[1mGenerating C++ introspection for ROS interfaces\x1b[0m\n'}
[1.846381] (pure_pursuit_pkg) StdoutLine: {'line': b"writing manifest file 'pure_pursuit_pkg.egg-info/SOURCES.txt'\n"}
[1.848461] (pure_pursuit_pkg) StdoutLine: {'line': b"reading manifest file 'pure_pursuit_pkg.egg-info/SOURCES.txt'\n"}
[1.849216] (pure_pursuit_pkg) StdoutLine: {'line': b"writing manifest file 'pure_pursuit_pkg.egg-info/SOURCES.txt'\n"}
[1.881921] (pure_pursuit_pkg) StdoutLine: {'line': b'[ 16%] Built target ament_cmake_python_build_pure_pursuit_pkg_egg\n'}
[1.888216] (pure_pursuit_pkg) StdoutLine: {'line': b'[ 18%] \x1b[32m\x1b[1mLinking C shared library libpure_pursuit_pkg__rosidl_generator_c.so\x1b[0m\n'}
[1.902442] (-) TimerEvent: {}
[1.913573] (pure_pursuit_pkg) StdoutLine: {'line': b'[ 18%] Built target pure_pursuit_pkg__rosidl_generator_c\n'}
[1.921458] (pure_pursuit_pkg) StdoutLine: {'line': b'[ 21%] \x1b[34m\x1b[1mGenerating C type support for eProsima Fast-RTPS\x1b[0m\n'}
[1.923447] (pure_pursuit_pkg) StdoutLine: {'line': b'[ 27%] \x1b[34m\x1b[1mGenerating C introspection for ROS interfaces\x1b[0m\n'}
[1.923594] (pure_pursuit_pkg) StdoutLine: {'line': b'[ 27%] \x1b[34m\x1b[1mGenerating C type support dispatch for ROS interfaces\x1b[0m\n'}
[2.002527] (-) TimerEvent: {}
[2.038742] (pure_pursuit_pkg) StdoutLine: {'line': b'[ 29%] \x1b[32mBuilding CXX object CMakeFiles/pure_pursuit_pkg__rosidl_typesupport_fastrtps_cpp.dir/rosidl_typesupport_fastrtps_cpp/pure_pursuit_pkg/msg/detail/dds_fastrtps/way_point_path__type_support.cpp.o\x1b[0m\n'}
[2.076527] (pure_pursuit_pkg) StdoutLine: {'line': b'[ 32%] \x1b[32mBuilding CXX object CMakeFiles/pure_pursuit_pkg__rosidl_typesupport_cpp.dir/rosidl_typesupport_cpp/pure_pursuit_pkg/msg/way_point_path__type_support.cpp.o\x1b[0m\n'}
[2.102617] (-) TimerEvent: {}
[2.107300] (pure_pursuit_pkg) StdoutLine: {'line': b'[ 35%] \x1b[32mBuilding CXX object CMakeFiles/pure_pursuit_pkg__rosidl_typesupport_introspection_cpp.dir/rosidl_typesupport_introspection_cpp/pure_pursuit_pkg/msg/detail/way_point_path__type_support.cpp.o\x1b[0m\n'}
[2.147510] (pure_pursuit_pkg) StdoutLine: {'line': b'[ 37%] \x1b[32mBuilding CXX object CMakeFiles/pure_pursuit_pkg__rosidl_typesupport_c.dir/rosidl_typesupport_c/pure_pursuit_pkg/msg/way_point_path__type_support.cpp.o\x1b[0m\n'}
[2.153749] (pure_pursuit_pkg) StdoutLine: {'line': b'[ 40%] \x1b[32mBuilding CXX object CMakeFiles/pure_pursuit_pkg__rosidl_typesupport_fastrtps_c.dir/rosidl_typesupport_fastrtps_c/pure_pursuit_pkg/msg/detail/way_point_path__type_support_c.cpp.o\x1b[0m\n'}
[2.171214] (pure_pursuit_pkg) StdoutLine: {'line': b'[ 43%] \x1b[32m\x1b[1mLinking CXX shared library libpure_pursuit_pkg__rosidl_typesupport_c.so\x1b[0m\n'}
[2.202387] (pure_pursuit_pkg) StdoutLine: {'line': b'[ 43%] Built target pure_pursuit_pkg__rosidl_typesupport_c\n'}
[2.202683] (-) TimerEvent: {}
[2.222485] (pure_pursuit_pkg) StdoutLine: {'line': b'[ 45%] \x1b[32mBuilding C object CMakeFiles/pure_pursuit_pkg__rosidl_typesupport_introspection_c.dir/rosidl_typesupport_introspection_c/pure_pursuit_pkg/msg/detail/way_point_path__type_support.c.o\x1b[0m\n'}
[2.251630] (pure_pursuit_pkg) StdoutLine: {'line': b'[ 48%] \x1b[32m\x1b[1mLinking C shared library libpure_pursuit_pkg__rosidl_typesupport_introspection_c.so\x1b[0m\n'}
[2.274099] (pure_pursuit_pkg) StdoutLine: {'line': b'[ 48%] Built target pure_pursuit_pkg__rosidl_typesupport_introspection_c\n'}
[2.302802] (-) TimerEvent: {}
[2.313774] (pure_pursuit_pkg) StdoutLine: {'line': b'[ 51%] \x1b[32m\x1b[1mLinking CXX shared library libpure_pursuit_pkg__rosidl_typesupport_cpp.so\x1b[0m\n'}
[2.342668] (pure_pursuit_pkg) StdoutLine: {'line': b'[ 51%] Built target pure_pursuit_pkg__rosidl_typesupport_cpp\n'}
[2.357541] (pure_pursuit_pkg) StdoutLine: {'line': b'[ 56%] \x1b[32mBuilding CXX object CMakeFiles/waypoints_node.dir/src/waypoints_node.cpp.o\x1b[0m\n'}
[2.357754] (pure_pursuit_pkg) StdoutLine: {'line': b'[ 56%] \x1b[32mBuilding CXX object CMakeFiles/waypoint_tools_lib.dir/src/waypoint_tools/WayPointPathTools.cpp.o\x1b[0m\n'}
[2.395833] (pure_pursuit_pkg) StdoutLine: {'line': b'[ 59%] \x1b[32m\x1b[1mLinking CXX shared library libpure_pursuit_pkg__rosidl_typesupport_fastrtps_cpp.so\x1b[0m\n'}
[2.402903] (-) TimerEvent: {}
[2.442472] (pure_pursuit_pkg) StderrLine: {'line': b'In file included from \x1b[01m\x1b[K/home/rinese/RM/RM_prac/src/pure_pursuit_pkg/src/waypoint_tools/WayPointPathTools.cpp:3\x1b[m\x1b[K:\n'}
[2.442673] (pure_pursuit_pkg) StderrLine: {'line': b'\x1b[01m\x1b[K/home/rinese/RM/RM_prac/src/pure_pursuit_pkg/include/pure_pursuit_controller_pkg/WayPointPathTools.hpp:5:10:\x1b[m\x1b[K \x1b[01;31m\x1b[Kfatal error: \x1b[m\x1b[Kpure_pursuit_controller_pkg/msg/way_point_path.hpp: No existe el archivo o el directorio\n'}
[2.442747] (pure_pursuit_pkg) StderrLine: {'line': b'    5 | #include \x1b[01;31m\x1b[K"pure_pursuit_controller_pkg/msg/way_point_path.hpp"\x1b[m\x1b[K\n'}
[2.442805] (pure_pursuit_pkg) StderrLine: {'line': b'      |          \x1b[01;31m\x1b[K^~~~~~~~~~~~~~~~~~~~~~~~~~~~~~~~~~~~~~~~~~~~~~~~~~~~\x1b[m\x1b[K\n'}
[2.442859] (pure_pursuit_pkg) StderrLine: {'line': b'compilation terminated.\n'}
[2.444014] (pure_pursuit_pkg) StderrLine: {'line': b'gmake[2]: *** [CMakeFiles/waypoint_tools_lib.dir/build.make:76: CMakeFiles/waypoint_tools_lib.dir/src/waypoint_tools/WayPointPathTools.cpp.o] Error 1\n'}
[2.444227] (pure_pursuit_pkg) StderrLine: {'line': b'gmake[1]: *** [CMakeFiles/Makefile2:596: CMakeFiles/waypoint_tools_lib.dir/all] Error 2\n'}
[2.444302] (pure_pursuit_pkg) StderrLine: {'line': b'gmake[1]: *** Se espera a que terminen otras tareas....\n'}
[2.454501] (pure_pursuit_pkg) StdoutLine: {'line': b'[ 59%] Built target pure_pursuit_pkg__rosidl_typesupport_fastrtps_cpp\n'}
[2.503010] (-) TimerEvent: {}
[2.507073] (pure_pursuit_pkg) StderrLine: {'line': b'\x1b[01m\x1b[K/home/rinese/RM/RM_prac/src/pure_pursuit_pkg/src/waypoints_node.cpp:2:10:\x1b[m\x1b[K \x1b[01;31m\x1b[Kfatal error: \x1b[m\x1b[Kpure_pursuit_controller_pkg/msg/way_point_path.hpp: No existe el archivo o el directorio\n'}
[2.507243] (pure_pursuit_pkg) StderrLine: {'line': b'    2 | #include \x1b[01;31m\x1b[K"pure_pursuit_controller_pkg/msg/way_point_path.hpp"\x1b[m\x1b[K\n'}
[2.507311] (pure_pursuit_pkg) StderrLine: {'line': b'      |          \x1b[01;31m\x1b[K^~~~~~~~~~~~~~~~~~~~~~~~~~~~~~~~~~~~~~~~~~~~~~~~~~~~\x1b[m\x1b[K\n'}
[2.507369] (pure_pursuit_pkg) StderrLine: {'line': b'compilation terminated.\n'}
[2.508677] (pure_pursuit_pkg) StdoutLine: {'line': b'[ 62%] \x1b[32m\x1b[1mLinking CXX shared library libpure_pursuit_pkg__rosidl_typesupport_fastrtps_c.so\x1b[0m\n'}
[2.509376] (pure_pursuit_pkg) StderrLine: {'line': b'gmake[2]: *** [CMakeFiles/waypoints_node.dir/build.make:76: CMakeFiles/waypoints_node.dir/src/waypoints_node.cpp.o] Error 1\n'}
[2.509526] (pure_pursuit_pkg) StderrLine: {'line': b'gmake[1]: *** [CMakeFiles/Makefile2:651: CMakeFiles/waypoints_node.dir/all] Error 2\n'}
[2.519021] (pure_pursuit_pkg) StdoutLine: {'line': b'[ 64%] \x1b[32m\x1b[1mLinking CXX shared library libpure_pursuit_pkg__rosidl_typesupport_introspection_cpp.so\x1b[0m\n'}
[2.568669] (pure_pursuit_pkg) StdoutLine: {'line': b'[ 64%] Built target pure_pursuit_pkg__rosidl_typesupport_fastrtps_c\n'}
[2.575417] (pure_pursuit_pkg) StdoutLine: {'line': b'[ 64%] Built target pure_pursuit_pkg__rosidl_typesupport_introspection_cpp\n'}
[2.576207] (pure_pursuit_pkg) StderrLine: {'line': b'gmake: *** [Makefile:146: all] Error 2\n'}
[2.577596] (pure_pursuit_pkg) CommandEnded: {'returncode': 2}
[2.584546] (pure_pursuit_pkg) JobEnded: {'identifier': 'pure_pursuit_pkg', 'rc': 2}
[2.594876] (-) EventReactorShutdown: {}
