[  2%] Built target pure_pursuit_pkg__cpp
[ 10%] Built target pure_pursuit_pkg__rosidl_generator_c
[ 10%] Built target ament_cmake_python_copy_pure_pursuit_pkg
[ 18%] Built target pure_pursuit_pkg__rosidl_typesupport_c
[ 27%] Built target pure_pursuit_pkg__rosidl_typesupport_fastrtps_cpp
[ 35%] Built target pure_pursuit_pkg__rosidl_typesupport_cpp
[ 43%] Built target pure_pursuit_pkg__rosidl_typesupport_introspection_cpp
[ 51%] Built target pure_pursuit_pkg__rosidl_typesupport_fastrtps_c
[ 59%] Built target pure_pursuit_pkg__rosidl_typesupport_introspection_c
[35m[1mConsolidate compiler generated dependencies of target waypoint_tools_lib[0m
[ 59%] Built target pure_pursuit_pkg
[ 62%] [32mBuilding CXX object CMakeFiles/waypoints_node.dir/src/waypoints_node.cpp.o[0m
[ 64%] [32mBuilding CXX object CMakeFiles/waypoint_tools_lib.dir/src/waypoint_tools/WayPointPathTools.cpp.o[0m
[ 67%] Built target pure_pursuit_pkg__py
[35m[1mConsolidate compiler generated dependencies of target pure_pursuit_pkg__rosidl_generator_py[0m
[ 72%] Built target pure_pursuit_pkg__rosidl_generator_py
[35m[1mConsolidate compiler generated dependencies of target pure_pursuit_pkg__rosidl_typesupport_fastrtps_c__pyext[0m
[35m[1mConsolidate compiler generated dependencies of target pure_pursuit_pkg__rosidl_typesupport_introspection_c__pyext[0m
[35m[1mConsolidate compiler generated dependencies of target pure_pursuit_pkg__rosidl_typesupport_c__pyext[0m
[ 89%] Built target pure_pursuit_pkg__rosidl_typesupport_fastrtps_c__pyext
[ 89%] Built target pure_pursuit_pkg__rosidl_typesupport_c__pyext
[ 89%] Built target pure_pursuit_pkg__rosidl_typesupport_introspection_c__pyext
[01m[K/home/rinese/RM/RM_prac/src/pure_pursuit_pkg/src/waypoint_tools/WayPointPathTools.cpp:3:10:[m[K [01;31m[Kfatal error: [m[Kpure_pursuit_pkg/WayPointPathTools.hpp: No existe el archivo o el directorio
    3 | #include [01;31m[K"pure_pursuit_pkg/WayPointPathTools.hpp"[m[K
      |          [01;31m[K^~~~~~~~~~~~~~~~~~~~~~~~~~~~~~~~~~~~~~~~[m[K
compilation terminated.
gmake[2]: *** [CMakeFiles/waypoint_tools_lib.dir/build.make:76: CMakeFiles/waypoint_tools_lib.dir/src/waypoint_tools/WayPointPathTools.cpp.o] Error 1
gmake[1]: *** [CMakeFiles/Makefile2:596: CMakeFiles/waypoint_tools_lib.dir/all] Error 2
gmake[1]: *** Se espera a que terminen otras tareas....
[01m[K/home/rinese/RM/RM_prac/src/pure_pursuit_pkg/src/waypoints_node.cpp:2:10:[m[K [01;31m[Kfatal error: [m[Kpure_pursuit_controller_pkg/msg/way_point_path.hpp: No existe el archivo o el directorio
    2 | #include [01;31m[K"pure_pursuit_controller_pkg/msg/way_point_path.hpp"[m[K
      |          [01;31m[K^~~~~~~~~~~~~~~~~~~~~~~~~~~~~~~~~~~~~~~~~~~~~~~~~~~~[m[K
compilation terminated.
gmake[2]: *** [CMakeFiles/waypoints_node.dir/build.make:76: CMakeFiles/waypoints_node.dir/src/waypoints_node.cpp.o] Error 1
gmake[1]: *** [CMakeFiles/Makefile2:651: CMakeFiles/waypoints_node.dir/all] Error 2
running egg_info
writing pure_pursuit_pkg.egg-info/PKG-INFO
writing dependency_links to pure_pursuit_pkg.egg-info/dependency_links.txt
writing top-level names to pure_pursuit_pkg.egg-info/top_level.txt
reading manifest file 'pure_pursuit_pkg.egg-info/SOURCES.txt'
writing manifest file 'pure_pursuit_pkg.egg-info/SOURCES.txt'
[ 89%] Built target ament_cmake_python_build_pure_pursuit_pkg_egg
gmake: *** [Makefile:146: all] Error 2
