[0.006s] Invoking command in '/home/rinese/RM/RM_prac/build/pure_pursuit_pkg': CMAKE_PREFIX_PATH=/opt/ros/humble /usr/bin/cmake --build /home/rinese/RM/RM_prac/build/pure_pursuit_pkg -- -j8 -l8
[0.040s] [  2%] Built target pure_pursuit_pkg__cpp
[0.040s] [ 10%] Built target pure_pursuit_pkg__rosidl_generator_c
[0.049s] [ 10%] Built target ament_cmake_python_copy_pure_pursuit_pkg
[0.055s] [ 18%] Built target pure_pursuit_pkg__rosidl_typesupport_c
[0.060s] [ 27%] Built target pure_pursuit_pkg__rosidl_typesupport_fastrtps_cpp
[0.060s] [ 35%] Built target pure_pursuit_pkg__rosidl_typesupport_cpp
[0.060s] [ 43%] Built target pure_pursuit_pkg__rosidl_typesupport_introspection_cpp
[0.061s] [ 51%] Built target pure_pursuit_pkg__rosidl_typesupport_fastrtps_c
[0.061s] [ 59%] Built target pure_pursuit_pkg__rosidl_typesupport_introspection_c
[0.067s] [35m[1mConsolidate compiler generated dependencies of target waypoint_tools_lib[0m
[0.073s] [ 59%] Built target pure_pursuit_pkg
[0.074s] [ 62%] [32mBuilding CXX object CMakeFiles/waypoints_node.dir/src/waypoints_node.cpp.o[0m
[0.075s] [ 64%] [32mBuilding CXX object CMakeFiles/waypoint_tools_lib.dir/src/waypoint_tools/WayPointPathTools.cpp.o[0m
[0.086s] [ 67%] Built target pure_pursuit_pkg__py
[0.092s] [35m[1mConsolidate compiler generated dependencies of target pure_pursuit_pkg__rosidl_generator_py[0m
[0.100s] [ 72%] Built target pure_pursuit_pkg__rosidl_generator_py
[0.108s] [35m[1mConsolidate compiler generated dependencies of target pure_pursuit_pkg__rosidl_typesupport_fastrtps_c__pyext[0m
[0.108s] [35m[1mConsolidate compiler generated dependencies of target pure_pursuit_pkg__rosidl_typesupport_introspection_c__pyext[0m
[0.109s] [35m[1mConsolidate compiler generated dependencies of target pure_pursuit_pkg__rosidl_typesupport_c__pyext[0m
[0.121s] [ 89%] Built target pure_pursuit_pkg__rosidl_typesupport_fastrtps_c__pyext
[0.121s] [ 89%] Built target pure_pursuit_pkg__rosidl_typesupport_c__pyext
[0.121s] [ 89%] Built target pure_pursuit_pkg__rosidl_typesupport_introspection_c__pyext
[0.133s] [01m[K/home/rinese/RM/RM_prac/src/pure_pursuit_pkg/src/waypoint_tools/WayPointPathTools.cpp:3:10:[m[K [01;31m[Kfatal error: [m[Kpure_pursuit_pkg/WayPointPathTools.hpp: No existe el archivo o el directorio
[0.133s]     3 | #include [01;31m[K"pure_pursuit_pkg/WayPointPathTools.hpp"[m[K
[0.133s]       |          [01;31m[K^~~~~~~~~~~~~~~~~~~~~~~~~~~~~~~~~~~~~~~~[m[K
[0.133s] compilation terminated.
[0.134s] gmake[2]: *** [CMakeFiles/waypoint_tools_lib.dir/build.make:76: CMakeFiles/waypoint_tools_lib.dir/src/waypoint_tools/WayPointPathTools.cpp.o] Error 1
[0.134s] gmake[1]: *** [CMakeFiles/Makefile2:596: CMakeFiles/waypoint_tools_lib.dir/all] Error 2
[0.134s] gmake[1]: *** Se espera a que terminen otras tareas....
[0.218s] [01m[K/home/rinese/RM/RM_prac/src/pure_pursuit_pkg/src/waypoints_node.cpp:2:10:[m[K [01;31m[Kfatal error: [m[Kpure_pursuit_controller_pkg/msg/way_point_path.hpp: No existe el archivo o el directorio
[0.218s]     2 | #include [01;31m[K"pure_pursuit_controller_pkg/msg/way_point_path.hpp"[m[K
[0.218s]       |          [01;31m[K^~~~~~~~~~~~~~~~~~~~~~~~~~~~~~~~~~~~~~~~~~~~~~~~~~~~[m[K
[0.218s] compilation terminated.
[0.219s] gmake[2]: *** [CMakeFiles/waypoints_node.dir/build.make:76: CMakeFiles/waypoints_node.dir/src/waypoints_node.cpp.o] Error 1
[0.220s] gmake[1]: *** [CMakeFiles/Makefile2:651: CMakeFiles/waypoints_node.dir/all] Error 2
[0.227s] running egg_info
[0.228s] writing pure_pursuit_pkg.egg-info/PKG-INFO
[0.228s] writing dependency_links to pure_pursuit_pkg.egg-info/dependency_links.txt
[0.228s] writing top-level names to pure_pursuit_pkg.egg-info/top_level.txt
[0.231s] reading manifest file 'pure_pursuit_pkg.egg-info/SOURCES.txt'
[0.231s] writing manifest file 'pure_pursuit_pkg.egg-info/SOURCES.txt'
[0.249s] [ 89%] Built target ament_cmake_python_build_pure_pursuit_pkg_egg
[0.250s] gmake: *** [Makefile:146: all] Error 2
[0.251s] Invoked command in '/home/rinese/RM/RM_prac/build/pure_pursuit_pkg' returned '2': CMAKE_PREFIX_PATH=/opt/ros/humble /usr/bin/cmake --build /home/rinese/RM/RM_prac/build/pure_pursuit_pkg -- -j8 -l8
