In file included from [01m[K/home/rinese/RM/RM_prac/src/pure_pursuit_pkg/src/waypoint_tools/WayPointPathTools.cpp:3[m[K:
[01m[K/home/rinese/RM/RM_prac/src/pure_pursuit_pkg/include/pure_pursuit_controller_pkg/WayPointPathTools.hpp:5:10:[m[K [01;31m[Kfatal error: [m[Kpure_pursuit_controller_pkg/msg/way_point_path.hpp: No existe el archivo o el directorio
    5 | #include [01;31m[K"pure_pursuit_controller_pkg/msg/way_point_path.hpp"[m[K
      |          [01;31m[K^~~~~~~~~~~~~~~~~~~~~~~~~~~~~~~~~~~~~~~~~~~~~~~~~~~~[m[K
compilation terminated.
gmake[2]: *** [CMakeFiles/waypoint_tools_lib.dir/build.make:76: CMakeFiles/waypoint_tools_lib.dir/src/waypoint_tools/WayPointPathTools.cpp.o] Error 1
gmake[1]: *** [CMakeFiles/Makefile2:596: CMakeFiles/waypoint_tools_lib.dir/all] Error 2
gmake[1]: *** Se espera a que terminen otras tareas....
[01m[K/home/rinese/RM/RM_prac/src/pure_pursuit_pkg/src/waypoints_node.cpp:2:10:[m[K [01;31m[Kfatal error: [m[Kpure_pursuit_controller_pkg/msg/way_point_path.hpp: No existe el archivo o el directorio
    2 | #include [01;31m[K"pure_pursuit_controller_pkg/msg/way_point_path.hpp"[m[K
      |          [01;31m[K^~~~~~~~~~~~~~~~~~~~~~~~~~~~~~~~~~~~~~~~~~~~~~~~~~~~[m[K
compilation terminated.
gmake[2]: *** [CMakeFiles/waypoints_node.dir/build.make:76: CMakeFiles/waypoints_node.dir/src/waypoints_node.cpp.o] Error 1
gmake[1]: *** [CMakeFiles/Makefile2:651: CMakeFiles/waypoints_node.dir/all] Error 2
gmake: *** [Makefile:146: all] Error 2
