-- The C compiler identification is GNU 11.4.0
-- The CXX compiler identification is GNU 11.4.0
-- Detecting C compiler ABI info
-- Detecting C compiler ABI info - done
-- Check for working C compiler: /usr/bin/cc - skipped
-- Detecting C compile features
-- Detecting C compile features - done
-- Detecting CXX compiler ABI info
-- Detecting CXX compiler ABI info - done
-- Check for working CXX compiler: /usr/bin/c++ - skipped
-- Detecting CXX compile features
-- Detecting CXX compile features - done
-- Found ament_cmake: 1.3.12 (/opt/ros/humble/share/ament_cmake/cmake)
-- Found Python3: /usr/bin/python3 (found version "3.10.12") found components: Interpreter 
-- Found rclcpp: 16.0.15 (/opt/ros/humble/share/rclcpp/cmake)
-- Found rosidl_generator_c: 3.1.7 (/opt/ros/humble/share/rosidl_generator_c/cmake)
-- Found rosidl_adapter: 3.1.7 (/opt/ros/humble/share/rosidl_adapter/cmake)
-- Found rosidl_generator_cpp: 3.1.7 (/opt/ros/humble/share/rosidl_generator_cpp/cmake)
-- Using all available rosidl_typesupport_c: rosidl_typesupport_fastrtps_c;rosidl_typesupport_introspection_c
-- Using all available rosidl_typesupport_cpp: rosidl_typesupport_fastrtps_cpp;rosidl_typesupport_introspection_cpp
-- Found rmw_implementation_cmake: 6.1.2 (/opt/ros/humble/share/rmw_implementation_cmake/cmake)
-- Found rmw_fastrtps_cpp: 6.2.8 (/opt/ros/humble/share/rmw_fastrtps_cpp/cmake)
-- Found OpenSSL: /usr/lib/x86_64-linux-gnu/libcrypto.so (found version "3.0.2")  
-- Found FastRTPS: /opt/ros/humble/include  
-- Using RMW implementation 'rmw_fastrtps_cpp' as default
-- Looking for pthread.h
-- Looking for pthread.h - found
-- Performing Test CMAKE_HAVE_LIBC_PTHREAD
-- Performing Test CMAKE_HAVE_LIBC_PTHREAD - Success
-- Found Threads: TRUE  
-- Found geometry_msgs: 4.9.0 (/opt/ros/humble/share/geometry_msgs/cmake)
-- Found tf2: 0.25.16 (/opt/ros/humble/share/tf2/cmake)
-- Found tf2_geometry_msgs: 0.25.16 (/opt/ros/humble/share/tf2_geometry_msgs/cmake)
-- Found eigen3_cmake_module: 0.1.1 (/opt/ros/humble/share/eigen3_cmake_module/cmake)
-- Found Eigen3: TRUE (found version "3.4.0") 
-- Ensuring Eigen3 include directory is part of orocos-kdl CMake target
-- Found visualization_msgs: 4.9.0 (/opt/ros/humble/share/visualization_msgs/cmake)
-- Found nav_msgs: 4.9.0 (/opt/ros/humble/share/nav_msgs/cmake)
-- Found rosidl_default_generators: 1.2.0 (/opt/ros/humble/share/rosidl_default_generators/cmake)
-- Found ament_cmake_ros: 0.10.0 (/opt/ros/humble/share/ament_cmake_ros/cmake)
-- Using all available rosidl_typesupport_c: rosidl_typesupport_fastrtps_c;rosidl_typesupport_introspection_c
-- Using all available rosidl_typesupport_cpp: rosidl_typesupport_fastrtps_cpp;rosidl_typesupport_introspection_cpp
-- Found PythonInterp: /usr/bin/python3 (found suitable version "3.10.12", minimum required is "3.6") 
-- Found python_cmake_module: 0.10.0 (/opt/ros/humble/share/python_cmake_module/cmake)
-- Found PythonLibs: /usr/lib/x86_64-linux-gnu/libpython3.10.so (found suitable version "3.10.12", minimum required is "3.5") 
-- Using PYTHON_EXECUTABLE: /usr/bin/python3
-- Using PYTHON_INCLUDE_DIRS: /usr/include/python3.10
-- Using PYTHON_LIBRARIES: /usr/lib/x86_64-linux-gnu/libpython3.10.so
-- Found PythonExtra: .so  
-- Configuring done
-- Generating done
-- Build files have been written to: /home/rinese/RM/RM_prac/build/pure_pursuit_pkg
[  2%] [34m[1mGenerating C code for ROS interfaces[0m
[  5%] [34m[1mGenerating C++ code for ROS interfaces[0m
[  5%] Built target ament_cmake_python_copy_pure_pursuit_pkg
[  5%] Built target pure_pursuit_pkg__cpp
[  8%] [32mBuilding C object CMakeFiles/pure_pursuit_pkg__rosidl_generator_c.dir/rosidl_generator_c/pure_pursuit_pkg/msg/detail/way_point_path__functions.c.o[0m
running egg_info
creating pure_pursuit_pkg.egg-info
writing pure_pursuit_pkg.egg-info/PKG-INFO
writing dependency_links to pure_pursuit_pkg.egg-info/dependency_links.txt
writing top-level names to pure_pursuit_pkg.egg-info/top_level.txt
[ 10%] [34m[1mGenerating C++ type support dispatch for ROS interfaces[0m
[ 13%] [34m[1mGenerating C++ type support for eProsima Fast-RTPS[0m
[ 16%] [34m[1mGenerating C++ introspection for ROS interfaces[0m
writing manifest file 'pure_pursuit_pkg.egg-info/SOURCES.txt'
reading manifest file 'pure_pursuit_pkg.egg-info/SOURCES.txt'
writing manifest file 'pure_pursuit_pkg.egg-info/SOURCES.txt'
[ 16%] Built target ament_cmake_python_build_pure_pursuit_pkg_egg
[ 18%] [32m[1mLinking C shared library libpure_pursuit_pkg__rosidl_generator_c.so[0m
[ 18%] Built target pure_pursuit_pkg__rosidl_generator_c
[ 21%] [34m[1mGenerating C type support for eProsima Fast-RTPS[0m
[ 27%] [34m[1mGenerating C introspection for ROS interfaces[0m
[ 27%] [34m[1mGenerating C type support dispatch for ROS interfaces[0m
[ 29%] [32mBuilding CXX object CMakeFiles/pure_pursuit_pkg__rosidl_typesupport_fastrtps_cpp.dir/rosidl_typesupport_fastrtps_cpp/pure_pursuit_pkg/msg/detail/dds_fastrtps/way_point_path__type_support.cpp.o[0m
[ 32%] [32mBuilding CXX object CMakeFiles/pure_pursuit_pkg__rosidl_typesupport_cpp.dir/rosidl_typesupport_cpp/pure_pursuit_pkg/msg/way_point_path__type_support.cpp.o[0m
[ 35%] [32mBuilding CXX object CMakeFiles/pure_pursuit_pkg__rosidl_typesupport_introspection_cpp.dir/rosidl_typesupport_introspection_cpp/pure_pursuit_pkg/msg/detail/way_point_path__type_support.cpp.o[0m
[ 37%] [32mBuilding CXX object CMakeFiles/pure_pursuit_pkg__rosidl_typesupport_c.dir/rosidl_typesupport_c/pure_pursuit_pkg/msg/way_point_path__type_support.cpp.o[0m
[ 40%] [32mBuilding CXX object CMakeFiles/pure_pursuit_pkg__rosidl_typesupport_fastrtps_c.dir/rosidl_typesupport_fastrtps_c/pure_pursuit_pkg/msg/detail/way_point_path__type_support_c.cpp.o[0m
[ 43%] [32m[1mLinking CXX shared library libpure_pursuit_pkg__rosidl_typesupport_c.so[0m
[ 43%] Built target pure_pursuit_pkg__rosidl_typesupport_c
[ 45%] [32mBuilding C object CMakeFiles/pure_pursuit_pkg__rosidl_typesupport_introspection_c.dir/rosidl_typesupport_introspection_c/pure_pursuit_pkg/msg/detail/way_point_path__type_support.c.o[0m
[ 48%] [32m[1mLinking C shared library libpure_pursuit_pkg__rosidl_typesupport_introspection_c.so[0m
[ 48%] Built target pure_pursuit_pkg__rosidl_typesupport_introspection_c
[ 51%] [32m[1mLinking CXX shared library libpure_pursuit_pkg__rosidl_typesupport_cpp.so[0m
[ 51%] Built target pure_pursuit_pkg__rosidl_typesupport_cpp
[ 56%] [32mBuilding CXX object CMakeFiles/waypoints_node.dir/src/waypoints_node.cpp.o[0m
[ 56%] [32mBuilding CXX object CMakeFiles/waypoint_tools_lib.dir/src/waypoint_tools/WayPointPathTools.cpp.o[0m
[ 59%] [32m[1mLinking CXX shared library libpure_pursuit_pkg__rosidl_typesupport_fastrtps_cpp.so[0m
In file included from [01m[K/home/rinese/RM/RM_prac/src/pure_pursuit_pkg/src/waypoint_tools/WayPointPathTools.cpp:3[m[K:
[01m[K/home/rinese/RM/RM_prac/src/pure_pursuit_pkg/include/pure_pursuit_controller_pkg/WayPointPathTools.hpp:5:10:[m[K [01;31m[Kfatal error: [m[Kpure_pursuit_controller_pkg/msg/way_point_path.hpp: No existe el archivo o el directorio
    5 | #include [01;31m[K"pure_pursuit_controller_pkg/msg/way_point_path.hpp"[m[K
      |          [01;31m[K^~~~~~~~~~~~~~~~~~~~~~~~~~~~~~~~~~~~~~~~~~~~~~~~~~~~[m[K
compilation terminated.
gmake[2]: *** [CMakeFiles/waypoint_tools_lib.dir/build.make:76: CMakeFiles/waypoint_tools_lib.dir/src/waypoint_tools/WayPointPathTools.cpp.o] Error 1
gmake[1]: *** [CMakeFiles/Makefile2:596: CMakeFiles/waypoint_tools_lib.dir/all] Error 2
gmake[1]: *** Se espera a que terminen otras tareas....
[ 59%] Built target pure_pursuit_pkg__rosidl_typesupport_fastrtps_cpp
[01m[K/home/rinese/RM/RM_prac/src/pure_pursuit_pkg/src/waypoints_node.cpp:2:10:[m[K [01;31m[Kfatal error: [m[Kpure_pursuit_controller_pkg/msg/way_point_path.hpp: No existe el archivo o el directorio
    2 | #include [01;31m[K"pure_pursuit_controller_pkg/msg/way_point_path.hpp"[m[K
      |          [01;31m[K^~~~~~~~~~~~~~~~~~~~~~~~~~~~~~~~~~~~~~~~~~~~~~~~~~~~[m[K
compilation terminated.
[ 62%] [32m[1mLinking CXX shared library libpure_pursuit_pkg__rosidl_typesupport_fastrtps_c.so[0m
gmake[2]: *** [CMakeFiles/waypoints_node.dir/build.make:76: CMakeFiles/waypoints_node.dir/src/waypoints_node.cpp.o] Error 1
gmake[1]: *** [CMakeFiles/Makefile2:651: CMakeFiles/waypoints_node.dir/all] Error 2
[ 64%] [32m[1mLinking CXX shared library libpure_pursuit_pkg__rosidl_typesupport_introspection_cpp.so[0m
[ 64%] Built target pure_pursuit_pkg__rosidl_typesupport_fastrtps_c
[ 64%] Built target pure_pursuit_pkg__rosidl_typesupport_introspection_cpp
gmake: *** [Makefile:146: all] Error 2
