[0.000000] (-) TimerEvent: {}
[0.000306] (-) JobUnselected: {'identifier': 'bringup_turtlebot3_pkg'}
[0.000502] (-) JobUnselected: {'identifier': 'intro_ros_pkg'}
[0.000523] (-) JobUnselected: {'identifier': 'kinematic_control_pkg'}
[0.000541] (-) JobUnselected: {'identifier': 'navigation_pkg'}
[0.000558] (-) JobUnselected: {'identifier': 'slam_pkg'}
[0.000575] (-) JobUnselected: {'identifier': 'transformations_pkg'}
[0.000592] (-) JobUnselected: {'identifier': 'turtlebot3_coppeliasim'}
[0.000611] (pure_pursuit_pkg) JobQueued: {'identifier': 'pure_pursuit_pkg', 'dependencies': OrderedDict()}
[0.000633] (pure_pursuit_pkg) JobStarted: {'identifier': 'pure_pursuit_pkg'}
[0.005138] (pure_pursuit_pkg) JobProgress: {'identifier': 'pure_pursuit_pkg', 'progress': 'cmake'}
[0.005511] (pure_pursuit_pkg) JobProgress: {'identifier': 'pure_pursuit_pkg', 'progress': 'build'}
[0.006037] (pure_pursuit_pkg) Command: {'cmd': ['/usr/bin/cmake', '--build', '/home/rinese/RM/RM_prac/build/pure_pursuit_pkg', '--', '-j8', '-l8'], 'cwd': '/home/rinese/RM/RM_prac/build/pure_pursuit_pkg', 'env': OrderedDict([('LESSOPEN', '| /usr/bin/lesspipe %s'), ('USER', 'rinese'), ('XDG_SESSION_TYPE', 'wayland'), ('SHLVL', '1'), ('LD_LIBRARY_PATH', '/usr/lib/x86_64-linux-gnu/gazebo-11/plugins:/opt/ros/humble/opt/rviz_ogre_vendor/lib:/opt/ros/humble/lib/x86_64-linux-gnu:/opt/ros/humble/lib'), ('HOME', '/home/rinese'), ('OLDPWD', '/home/rinese/RM/RM_prac/src'), ('DESKTOP_SESSION', 'ubuntu'), ('ROS_PYTHON_VERSION', '3'), ('GNOME_SHELL_SESSION_MODE', 'ubuntu'), ('GTK_MODULES', 'gail:atk-bridge'), ('SYSTEMD_EXEC_PID', '1562'), ('DBUS_SESSION_BUS_ADDRESS', 'unix:path=/run/user/1000/bus'), ('COLORTERM', 'truecolor'), ('IM_CONFIG_PHASE', '1'), ('WAYLAND_DISPLAY', 'wayland-0'), ('ROS_DISTRO', 'humble'), ('LOGNAME', 'rinese'), ('_', '/usr/bin/colcon'), ('ROS_VERSION', '2'), ('XDG_SESSION_CLASS', 'user'), ('USERNAME', 'rinese'), ('TERM', 'xterm-256color'), ('GNOME_DESKTOP_SESSION_ID', 'this-is-deprecated'), ('ROS_LOCALHOST_ONLY', '0'), ('PATH', '/opt/ros/humble/bin:/home/rinese/.local/bin:/usr/local/sbin:/usr/local/bin:/usr/sbin:/usr/bin:/sbin:/bin:/usr/games:/usr/local/games:/snap/bin:/snap/bin'), ('SESSION_MANAGER', 'local/ubuntu-machine:@/tmp/.ICE-unix/1534,unix/ubuntu-machine:/tmp/.ICE-unix/1534'), ('XDG_MENU_PREFIX', 'gnome-'), ('GNOME_TERMINAL_SCREEN', '/org/gnome/Terminal/screen/6fdd0cf9_07a9_41c8_85bd_a20eab474674'), ('GNOME_SETUP_DISPLAY', ':1'), ('XDG_RUNTIME_DIR', '/run/user/1000'), ('DISPLAY', ':0'), ('LANG', 'es_ES.UTF-8'), ('XDG_CURRENT_DESKTOP', 'ubuntu:GNOME'), ('XMODIFIERS', '@im=ibus'), ('XDG_SESSION_DESKTOP', 'ubuntu'), ('XAUTHORITY', '/run/user/1000/.mutter-Xwaylandauth.DR98J3'), ('LS_COLORS', 'rs=0:di=01;34:ln=01;36:mh=00:pi=40;33:so=01;35:do=01;35:bd=40;33;01:cd=40;33;01:or=40;31;01:mi=00:su=37;41:sg=30;43:ca=30;41:tw=30;42:ow=34;42:st=37;44:ex=01;32:*.tar=01;31:*.tgz=01;31:*.arc=01;31:*.arj=01;31:*.taz=01;31:*.lha=01;31:*.lz4=01;31:*.lzh=01;31:*.lzma=01;31:*.tlz=01;31:*.txz=01;31:*.tzo=01;31:*.t7z=01;31:*.zip=01;31:*.z=01;31:*.dz=01;31:*.gz=01;31:*.lrz=01;31:*.lz=01;31:*.lzo=01;31:*.xz=01;31:*.zst=01;31:*.tzst=01;31:*.bz2=01;31:*.bz=01;31:*.tbz=01;31:*.tbz2=01;31:*.tz=01;31:*.deb=01;31:*.rpm=01;31:*.jar=01;31:*.war=01;31:*.ear=01;31:*.sar=01;31:*.rar=01;31:*.alz=01;31:*.ace=01;31:*.zoo=01;31:*.cpio=01;31:*.7z=01;31:*.rz=01;31:*.cab=01;31:*.wim=01;31:*.swm=01;31:*.dwm=01;31:*.esd=01;31:*.jpg=01;35:*.jpeg=01;35:*.mjpg=01;35:*.mjpeg=01;35:*.gif=01;35:*.bmp=01;35:*.pbm=01;35:*.pgm=01;35:*.ppm=01;35:*.tga=01;35:*.xbm=01;35:*.xpm=01;35:*.tif=01;35:*.tiff=01;35:*.png=01;35:*.svg=01;35:*.svgz=01;35:*.mng=01;35:*.pcx=01;35:*.mov=01;35:*.mpg=01;35:*.mpeg=01;35:*.m2v=01;35:*.mkv=01;35:*.webm=01;35:*.webp=01;35:*.ogm=01;35:*.mp4=01;35:*.m4v=01;35:*.mp4v=01;35:*.vob=01;35:*.qt=01;35:*.nuv=01;35:*.wmv=01;35:*.asf=01;35:*.rm=01;35:*.rmvb=01;35:*.flc=01;35:*.avi=01;35:*.fli=01;35:*.flv=01;35:*.gl=01;35:*.dl=01;35:*.xcf=01;35:*.xwd=01;35:*.yuv=01;35:*.cgm=01;35:*.emf=01;35:*.ogv=01;35:*.ogx=01;35:*.aac=00;36:*.au=00;36:*.flac=00;36:*.m4a=00;36:*.mid=00;36:*.midi=00;36:*.mka=00;36:*.mp3=00;36:*.mpc=00;36:*.ogg=00;36:*.ra=00;36:*.wav=00;36:*.oga=00;36:*.opus=00;36:*.spx=00;36:*.xspf=00;36:'), ('GNOME_TERMINAL_SERVICE', ':1.129'), ('SSH_AGENT_LAUNCHER', 'gnome-keyring'), ('SSH_AUTH_SOCK', '/run/user/1000/keyring/ssh'), ('ROS_DOMAIN_ID', '30'), ('AMENT_PREFIX_PATH', '/opt/ros/humble'), ('SHELL', '/bin/bash'), ('QT_ACCESSIBILITY', '1'), ('GDMSESSION', 'ubuntu'), ('LESSCLOSE', '/usr/bin/lesspipe %s %s'), ('QT_IM_MODULE', 'ibus'), ('PWD', '/home/rinese/RM/RM_prac/build/pure_pursuit_pkg'), ('TURTLEBOT3_MODEL', 'burger'), ('XDG_CONFIG_DIRS', '/etc/xdg/xdg-ubuntu:/etc/xdg'), ('XDG_DATA_DIRS', '/usr/share/ubuntu:/usr/local/share/:/usr/share/:/var/lib/snapd/desktop'), ('PYTHONPATH', '/opt/ros/humble/lib/python3.10/site-packages:/opt/ros/humble/local/lib/python3.10/dist-packages'), ('COLCON', '1'), ('VTE_VERSION', '6800'), ('CMAKE_PREFIX_PATH', '/opt/ros/humble')]), 'shell': False}
[0.041567] (pure_pursuit_pkg) StdoutLine: {'line': b'[  2%] Built target pure_pursuit_pkg__cpp\n'}
[0.041775] (pure_pursuit_pkg) StdoutLine: {'line': b'[ 10%] Built target pure_pursuit_pkg__rosidl_generator_c\n'}
[0.052181] (pure_pursuit_pkg) StdoutLine: {'line': b'[ 10%] Built target ament_cmake_python_copy_pure_pursuit_pkg\n'}
[0.062745] (pure_pursuit_pkg) StdoutLine: {'line': b'[ 32%] Built target pure_pursuit_pkg__rosidl_typesupport_c\n'}
[0.062922] (pure_pursuit_pkg) StdoutLine: {'line': b'[ 32%] Built target pure_pursuit_pkg__rosidl_typesupport_cpp\n'}
[0.063007] (pure_pursuit_pkg) StdoutLine: {'line': b'[ 37%] Built target pure_pursuit_pkg__rosidl_typesupport_introspection_c\n'}
[0.063072] (pure_pursuit_pkg) StdoutLine: {'line': b'[ 45%] Built target pure_pursuit_pkg__rosidl_typesupport_introspection_cpp\n'}
[0.063904] (pure_pursuit_pkg) StdoutLine: {'line': b'[ 51%] Built target pure_pursuit_pkg__rosidl_typesupport_fastrtps_cpp\n'}
[0.070421] (pure_pursuit_pkg) StdoutLine: {'line': b'[ 59%] Built target pure_pursuit_pkg__rosidl_typesupport_fastrtps_c\n'}
[0.071082] (pure_pursuit_pkg) StdoutLine: {'line': b'\x1b[35m\x1b[1mConsolidate compiler generated dependencies of target waypoint_tools_lib\x1b[0m\n'}
[0.078535] (pure_pursuit_pkg) StdoutLine: {'line': b'[ 62%] \x1b[32mBuilding CXX object CMakeFiles/waypoints_node.dir/src/waypoints_node.cpp.o\x1b[0m\n'}
[0.080040] (pure_pursuit_pkg) StdoutLine: {'line': b'[ 64%] \x1b[32mBuilding CXX object CMakeFiles/waypoint_tools_lib.dir/src/waypoint_tools/WayPointPathTools.cpp.o\x1b[0m\n'}
[0.085942] (pure_pursuit_pkg) StdoutLine: {'line': b'[ 64%] Built target pure_pursuit_pkg\n'}
[0.099854] (-) TimerEvent: {}
[0.100202] (pure_pursuit_pkg) StdoutLine: {'line': b'[ 67%] Built target pure_pursuit_pkg__py\n'}
[0.114391] (pure_pursuit_pkg) StdoutLine: {'line': b'[ 70%] \x1b[32mBuilding C object CMakeFiles/pure_pursuit_pkg__rosidl_generator_py.dir/rosidl_generator_py/pure_pursuit_pkg/msg/_way_point_path_s.c.o\x1b[0m\n'}
[0.187716] (pure_pursuit_pkg) StdoutLine: {'line': b'[ 72%] \x1b[32m\x1b[1mLinking C shared library rosidl_generator_py/pure_pursuit_pkg/libpure_pursuit_pkg__rosidl_generator_py.so\x1b[0m\n'}
[0.199949] (-) TimerEvent: {}
[0.217858] (pure_pursuit_pkg) StdoutLine: {'line': b'[ 72%] Built target pure_pursuit_pkg__rosidl_generator_py\n'}
[0.229482] (pure_pursuit_pkg) StderrLine: {'line': b'\x1b[01m\x1b[K/home/rinese/RM/RM_prac/src/pure_pursuit_pkg/src/waypoints_node.cpp:2:10:\x1b[m\x1b[K \x1b[01;31m\x1b[Kfatal error: \x1b[m\x1b[Kpure_pursuit_controller_pkg/msg/way_point_path.hpp: No existe el archivo o el directorio\n'}
[0.229819] (pure_pursuit_pkg) StderrLine: {'line': b'    2 | #include \x1b[01;31m\x1b[K"pure_pursuit_controller_pkg/msg/way_point_path.hpp"\x1b[m\x1b[K\n'}
[0.229878] (pure_pursuit_pkg) StderrLine: {'line': b'      |          \x1b[01;31m\x1b[K^~~~~~~~~~~~~~~~~~~~~~~~~~~~~~~~~~~~~~~~~~~~~~~~~~~~\x1b[m\x1b[K\n'}
[0.231184] (pure_pursuit_pkg) StderrLine: {'line': b'compilation terminated.\n'}
[0.234136] (pure_pursuit_pkg) StdoutLine: {'line': b'[ 75%] \x1b[32mBuilding C object CMakeFiles/pure_pursuit_pkg__rosidl_typesupport_fastrtps_c__pyext.dir/rosidl_generator_py/pure_pursuit_pkg/_pure_pursuit_pkg_s.ep.rosidl_typesupport_fastrtps_c.c.o\x1b[0m\n'}
[0.234532] (pure_pursuit_pkg) StderrLine: {'line': b'gmake[2]: *** [CMakeFiles/waypoints_node.dir/build.make:76: CMakeFiles/waypoints_node.dir/src/waypoints_node.cpp.o] Error 1\n'}
[0.234733] (pure_pursuit_pkg) StderrLine: {'line': b'gmake[1]: *** [CMakeFiles/Makefile2:651: CMakeFiles/waypoints_node.dir/all] Error 2\n'}
[0.234785] (pure_pursuit_pkg) StderrLine: {'line': b'gmake[1]: *** Se espera a que terminen otras tareas....\n'}
[0.236365] (pure_pursuit_pkg) StdoutLine: {'line': b'[ 78%] \x1b[32mBuilding C object CMakeFiles/pure_pursuit_pkg__rosidl_typesupport_c__pyext.dir/rosidl_generator_py/pure_pursuit_pkg/_pure_pursuit_pkg_s.ep.rosidl_typesupport_c.c.o\x1b[0m\n'}
[0.236745] (pure_pursuit_pkg) StdoutLine: {'line': b'[ 81%] \x1b[32mBuilding C object CMakeFiles/pure_pursuit_pkg__rosidl_typesupport_introspection_c__pyext.dir/rosidl_generator_py/pure_pursuit_pkg/_pure_pursuit_pkg_s.ep.rosidl_typesupport_introspection_c.c.o\x1b[0m\n'}
[0.239943] (pure_pursuit_pkg) StdoutLine: {'line': b'running egg_info\n'}
[0.241304] (pure_pursuit_pkg) StdoutLine: {'line': b'writing pure_pursuit_pkg.egg-info/PKG-INFO\n'}
[0.241458] (pure_pursuit_pkg) StdoutLine: {'line': b'writing dependency_links to pure_pursuit_pkg.egg-info/dependency_links.txt\n'}
[0.241535] (pure_pursuit_pkg) StdoutLine: {'line': b'writing top-level names to pure_pursuit_pkg.egg-info/top_level.txt\n'}
[0.244048] (pure_pursuit_pkg) StdoutLine: {'line': b"reading manifest file 'pure_pursuit_pkg.egg-info/SOURCES.txt'\n"}
[0.244842] (pure_pursuit_pkg) StdoutLine: {'line': b"writing manifest file 'pure_pursuit_pkg.egg-info/SOURCES.txt'\n"}
[0.276261] (pure_pursuit_pkg) StdoutLine: {'line': b'[ 81%] Built target ament_cmake_python_build_pure_pursuit_pkg_egg\n'}
[0.300085] (-) TimerEvent: {}
[0.311266] (pure_pursuit_pkg) StdoutLine: {'line': b'[ 83%] \x1b[32m\x1b[1mLinking C shared library rosidl_generator_py/pure_pursuit_pkg/pure_pursuit_pkg_s__rosidl_typesupport_c.cpython-310-x86_64-linux-gnu.so\x1b[0m\n'}
[0.315352] (pure_pursuit_pkg) StdoutLine: {'line': b'[ 86%] \x1b[32m\x1b[1mLinking C shared library rosidl_generator_py/pure_pursuit_pkg/pure_pursuit_pkg_s__rosidl_typesupport_fastrtps_c.cpython-310-x86_64-linux-gnu.so\x1b[0m\n'}
[0.321058] (pure_pursuit_pkg) StdoutLine: {'line': b'[ 89%] \x1b[32m\x1b[1mLinking C shared library rosidl_generator_py/pure_pursuit_pkg/pure_pursuit_pkg_s__rosidl_typesupport_introspection_c.cpython-310-x86_64-linux-gnu.so\x1b[0m\n'}
[0.339549] (pure_pursuit_pkg) StdoutLine: {'line': b'[ 89%] Built target pure_pursuit_pkg__rosidl_typesupport_c__pyext\n'}
[0.341856] (pure_pursuit_pkg) StdoutLine: {'line': b'[ 89%] Built target pure_pursuit_pkg__rosidl_typesupport_fastrtps_c__pyext\n'}
[0.349536] (pure_pursuit_pkg) StdoutLine: {'line': b'[ 89%] Built target pure_pursuit_pkg__rosidl_typesupport_introspection_c__pyext\n'}
[0.400175] (-) TimerEvent: {}
[0.467473] (pure_pursuit_pkg) StderrLine: {'line': b'\x1b[01m\x1b[K/home/rinese/RM/RM_prac/src/pure_pursuit_pkg/src/waypoint_tools/WayPointPathTools.cpp:6:45:\x1b[m\x1b[K \x1b[01;31m\x1b[Kerror: \x1b[m\x1b[Kexpected constructor, destructor, or type conversion before \xe2\x80\x98\x1b[01m\x1b[K(\x1b[m\x1b[K\xe2\x80\x99 token\n'}
[0.467642] (pure_pursuit_pkg) StderrLine: {'line': b'    6 |         WayPointPathTools::WayPointPathTools\x1b[01;31m\x1b[K(\x1b[m\x1b[Kpure_pursuit_controller_pkg::msg::WayPointPath path_points, double l)\n'}
[0.467710] (pure_pursuit_pkg) StderrLine: {'line': b'      |                                             \x1b[01;31m\x1b[K^\x1b[m\x1b[K\n'}
[0.467770] (pure_pursuit_pkg) StderrLine: {'line': b'\x1b[01m\x1b[K/home/rinese/RM/RM_prac/src/pure_pursuit_pkg/src/waypoint_tools/WayPointPathTools.cpp:7:28:\x1b[m\x1b[K \x1b[01;31m\x1b[Kerror: \x1b[m\x1b[Kexpected unqualified-id before \xe2\x80\x98\x1b[01m\x1b[K,\x1b[m\x1b[K\xe2\x80\x99 token\n'}
[0.467842] (pure_pursuit_pkg) StderrLine: {'line': b'    7 |         : path{path_points}\x1b[01;31m\x1b[K,\x1b[m\x1b[K L{l} {}\n'}
[0.467899] (pure_pursuit_pkg) StderrLine: {'line': b'      |                            \x1b[01;31m\x1b[K^\x1b[m\x1b[K\n'}
[0.467962] (pure_pursuit_pkg) StderrLine: {'line': b'\x1b[01m\x1b[K/home/rinese/RM/RM_prac/src/pure_pursuit_pkg/src/waypoint_tools/WayPointPathTools.cpp:7:31:\x1b[m\x1b[K \x1b[01;31m\x1b[Kerror: \x1b[m\x1b[Kexpected constructor, destructor, or type conversion before \xe2\x80\x98\x1b[01m\x1b[K{\x1b[m\x1b[K\xe2\x80\x99 token\n'}
[0.468021] (pure_pursuit_pkg) StderrLine: {'line': b'    7 |         : path{path_points}, L\x1b[01;31m\x1b[K{\x1b[m\x1b[Kl} {}\n'}
[0.468076] (pure_pursuit_pkg) StderrLine: {'line': b'      |                               \x1b[01;31m\x1b[K^\x1b[m\x1b[K\n'}
[0.468131] (pure_pursuit_pkg) StderrLine: {'line': b'\x1b[01m\x1b[K/home/rinese/RM/RM_prac/src/pure_pursuit_pkg/src/waypoint_tools/WayPointPathTools.cpp:7:35:\x1b[m\x1b[K \x1b[01;31m\x1b[Kerror: \x1b[m\x1b[Kexpected unqualified-id before \xe2\x80\x98\x1b[01m\x1b[K{\x1b[m\x1b[K\xe2\x80\x99 token\n'}
[0.468194] (pure_pursuit_pkg) StderrLine: {'line': b'    7 |         : path{path_points}, L{l} \x1b[01;31m\x1b[K{\x1b[m\x1b[K}\n'}
[0.468257] (pure_pursuit_pkg) StderrLine: {'line': b'      |                                   \x1b[01;31m\x1b[K^\x1b[m\x1b[K\n'}
[0.500255] (-) TimerEvent: {}
[0.538058] (pure_pursuit_pkg) StderrLine: {'line': b'gmake[2]: *** [CMakeFiles/waypoint_tools_lib.dir/build.make:76: CMakeFiles/waypoint_tools_lib.dir/src/waypoint_tools/WayPointPathTools.cpp.o] Error 1\n'}
[0.538211] (pure_pursuit_pkg) StderrLine: {'line': b'gmake[1]: *** [CMakeFiles/Makefile2:596: CMakeFiles/waypoint_tools_lib.dir/all] Error 2\n'}
[0.538388] (pure_pursuit_pkg) StderrLine: {'line': b'gmake: *** [Makefile:146: all] Error 2\n'}
[0.539871] (pure_pursuit_pkg) CommandEnded: {'returncode': 2}
[0.545992] (pure_pursuit_pkg) JobEnded: {'identifier': 'pure_pursuit_pkg', 'rc': 2}
[0.556387] (-) EventReactorShutdown: {}
