[0.007s] Invoking command in '/home/rinese/RM/RM_prac/build/pure_pursuit_pkg': CMAKE_PREFIX_PATH=/opt/ros/humble /usr/bin/cmake --build /home/rinese/RM/RM_prac/build/pure_pursuit_pkg -- -j8 -l8
[0.048s] [  2%] Built target pure_pursuit_pkg__cpp
[0.049s] [ 10%] Built target pure_pursuit_pkg__rosidl_generator_c
[0.056s] [ 10%] Built target ament_cmake_python_copy_pure_pursuit_pkg
[0.072s] [ 18%] Built target pure_pursuit_pkg__rosidl_typesupport_cpp
[0.078s] [ 32%] Built target pure_pursuit_pkg__rosidl_typesupport_introspection_cpp
[0.078s] [ 35%] Built target pure_pursuit_pkg__rosidl_typesupport_fastrtps_cpp
[0.083s] [ 43%] Built target pure_pursuit_pkg__rosidl_typesupport_c
[0.084s] [ 51%] Built target pure_pursuit_pkg__rosidl_typesupport_introspection_c
[0.085s] [ 59%] Built target pure_pursuit_pkg__rosidl_typesupport_fastrtps_c
[0.094s] [ 62%] [32mBuilding CXX object CMakeFiles/waypoints_node.dir/src/waypoints_node.cpp.o[0m
[0.097s] [ 64%] [32mBuilding CXX object CMakeFiles/waypoint_tools_lib.dir/src/waypoint_tools/WayPointPathTools.cpp.o[0m
[0.103s] [ 64%] Built target pure_pursuit_pkg
[0.123s] [ 67%] Built target pure_pursuit_pkg__py
[0.146s] [ 72%] Built target pure_pursuit_pkg__rosidl_generator_py
[0.177s] [ 89%] Built target pure_pursuit_pkg__rosidl_typesupport_fastrtps_c__pyext
[0.177s] [ 89%] Built target pure_pursuit_pkg__rosidl_typesupport_c__pyext
[0.177s] [ 89%] Built target pure_pursuit_pkg__rosidl_typesupport_introspection_c__pyext
[0.178s] [01m[K/home/rinese/RM/RM_prac/src/pure_pursuit_pkg/src/waypoint_tools/WayPointPathTools.cpp:3:10:[m[K [01;31m[Kfatal error: [m[Kpure_pursuit_pkg/WayPointPathTools.hpp: No existe el archivo o el directorio
[0.178s]     3 | #include [01;31m[K"pure_pursuit_pkg/WayPointPathTools.hpp"[m[K
[0.178s]       |          [01;31m[K^~~~~~~~~~~~~~~~~~~~~~~~~~~~~~~~~~~~~~~~[m[K
[0.178s] compilation terminated.
[0.186s] gmake[2]: *** [CMakeFiles/waypoint_tools_lib.dir/build.make:76: CMakeFiles/waypoint_tools_lib.dir/src/waypoint_tools/WayPointPathTools.cpp.o] Error 1
[0.186s] gmake[1]: *** [CMakeFiles/Makefile2:596: CMakeFiles/waypoint_tools_lib.dir/all] Error 2
[0.186s] gmake[1]: *** Se espera a que terminen otras tareas....
[0.304s] running egg_info
[0.304s] writing pure_pursuit_pkg.egg-info/PKG-INFO
[0.304s] writing dependency_links to pure_pursuit_pkg.egg-info/dependency_links.txt
[0.304s] writing top-level names to pure_pursuit_pkg.egg-info/top_level.txt
[0.307s] reading manifest file 'pure_pursuit_pkg.egg-info/SOURCES.txt'
[0.308s] writing manifest file 'pure_pursuit_pkg.egg-info/SOURCES.txt'
[0.328s] [ 89%] Built target ament_cmake_python_build_pure_pursuit_pkg_egg
[3.082s] [ 91%] [32m[1mLinking CXX executable waypoints_node[0m
[3.223s] [ 91%] Built target waypoints_node
[3.223s] gmake: *** [Makefile:146: all] Error 2
[3.225s] Invoked command in '/home/rinese/RM/RM_prac/build/pure_pursuit_pkg' returned '2': CMAKE_PREFIX_PATH=/opt/ros/humble /usr/bin/cmake --build /home/rinese/RM/RM_prac/build/pure_pursuit_pkg -- -j8 -l8
