[35m[1mConsolidate compiler generated dependencies of target pure_pursuit_pkg__rosidl_generator_c[0m
[  2%] Built target pure_pursuit_pkg__cpp
[ 10%] Built target pure_pursuit_pkg__rosidl_generator_c
[ 10%] Built target ament_cmake_python_copy_pure_pursuit_pkg
[35m[1mConsolidate compiler generated dependencies of target pure_pursuit_pkg__rosidl_typesupport_cpp[0m
[35m[1mConsolidate compiler generated dependencies of target pure_pursuit_pkg__rosidl_typesupport_c[0m
[35m[1mConsolidate compiler generated dependencies of target pure_pursuit_pkg__rosidl_typesupport_fastrtps_cpp[0m
[35m[1mConsolidate compiler generated dependencies of target pure_pursuit_pkg__rosidl_typesupport_introspection_c[0m
[35m[1mConsolidate compiler generated dependencies of target pure_pursuit_pkg__rosidl_typesupport_introspection_cpp[0m
[ 18%] Built target pure_pursuit_pkg__rosidl_typesupport_introspection_c
[35m[1mConsolidate compiler generated dependencies of target pure_pursuit_pkg__rosidl_typesupport_fastrtps_c[0m
[ 27%] Built target pure_pursuit_pkg__rosidl_typesupport_c
[ 35%] Built target pure_pursuit_pkg__rosidl_typesupport_introspection_cpp
[ 43%] Built target pure_pursuit_pkg__rosidl_typesupport_fastrtps_cpp
[ 51%] Built target pure_pursuit_pkg__rosidl_typesupport_cpp
[ 59%] Built target pure_pursuit_pkg__rosidl_typesupport_fastrtps_c
[ 62%] [32mBuilding CXX object CMakeFiles/waypoint_tools_lib.dir/src/waypoint_tools/WayPointPathTools.cpp.o[0m
[ 62%] Built target pure_pursuit_pkg
[ 64%] [32mBuilding CXX object CMakeFiles/waypoints_node.dir/src/waypoints_node.cpp.o[0m
[ 67%] [34m[1mGenerating Python code for ROS interfaces[0m
[01m[K/home/rinese/RM/RM_prac/src/pure_pursuit_pkg/src/waypoints_node.cpp:2:10:[m[K [01;31m[Kfatal error: [m[Kpure_pursuit_controller_pkg/msg/way_point_path.hpp: No existe el archivo o el directorio
    2 | #include [01;31m[K"pure_pursuit_controller_pkg/msg/way_point_path.hpp"[m[K
      |          [01;31m[K^~~~~~~~~~~~~~~~~~~~~~~~~~~~~~~~~~~~~~~~~~~~~~~~~~~~[m[K
compilation terminated.
gmake[2]: *** [CMakeFiles/waypoints_node.dir/build.make:76: CMakeFiles/waypoints_node.dir/src/waypoints_node.cpp.o] Error 1
gmake[1]: *** [CMakeFiles/Makefile2:651: CMakeFiles/waypoints_node.dir/all] Error 2
gmake[1]: *** Se espera a que terminen otras tareas....
running egg_info
writing pure_pursuit_pkg.egg-info/PKG-INFO
writing dependency_links to pure_pursuit_pkg.egg-info/dependency_links.txt
writing top-level names to pure_pursuit_pkg.egg-info/top_level.txt
reading manifest file 'pure_pursuit_pkg.egg-info/SOURCES.txt'
writing manifest file 'pure_pursuit_pkg.egg-info/SOURCES.txt'
[ 67%] Built target ament_cmake_python_build_pure_pursuit_pkg_egg
[ 67%] Built target pure_pursuit_pkg__py
[01m[K/home/rinese/RM/RM_prac/src/pure_pursuit_pkg/src/waypoint_tools/WayPointPathTools.cpp:6:45:[m[K [01;31m[Kerror: [m[Kexpected constructor, destructor, or type conversion before â€˜[01m[K([m[Kâ€™ token
    6 |         WayPointPathTools::WayPointPathTools[01;31m[K([m[Kpure_pursuit_controller_pkg::msg::WayPointPath path_points, double l)
      |                                             [01;31m[K^[m[K
[01m[K/home/rinese/RM/RM_prac/src/pure_pursuit_pkg/src/waypoint_tools/WayPointPathTools.cpp:7:28:[m[K [01;31m[Kerror: [m[Kexpected unqualified-id before â€˜[01m[K,[m[Kâ€™ token
    7 |         : path{path_points}[01;31m[K,[m[K L{l} {}
      |                            [01;31m[K^[m[K
[01m[K/home/rinese/RM/RM_prac/src/pure_pursuit_pkg/src/waypoint_tools/WayPointPathTools.cpp:7:31:[m[K [01;31m[Kerror: [m[Kexpected constructor, destructor, or type conversion before â€˜[01m[K{[m[Kâ€™ token
    7 |         : path{path_points}, L[01;31m[K{[m[Kl} {}
      |                               [01;31m[K^[m[K
[01m[K/home/rinese/RM/RM_prac/src/pure_pursuit_pkg/src/waypoint_tools/WayPointPathTools.cpp:7:35:[m[K [01;31m[Kerror: [m[Kexpected unqualified-id before â€˜[01m[K{[m[Kâ€™ token
    7 |         : path{path_points}, L{l} [01;31m[K{[m[K}
      |                                   [01;31m[K^[m[K
gmake[2]: *** [CMakeFiles/waypoint_tools_lib.dir/build.make:76: CMakeFiles/waypoint_tools_lib.dir/src/waypoint_tools/WayPointPathTools.cpp.o] Error 1
gmake[1]: *** [CMakeFiles/Makefile2:596: CMakeFiles/waypoint_tools_lib.dir/all] Error 2
gmake: *** [Makefile:146: all] Error 2
