[0.007s] Invoking command in '/home/rinese/RM/RM_prac/build/pure_pursuit_pkg': CMAKE_PREFIX_PATH=/opt/ros/humble /usr/bin/cmake --build /home/rinese/RM/RM_prac/build/pure_pursuit_pkg -- -j8 -l8
[0.035s] [35m[1mConsolidate compiler generated dependencies of target pure_pursuit_pkg__rosidl_generator_c[0m
[0.042s] [  2%] Built target pure_pursuit_pkg__cpp
[0.043s] [ 10%] Built target pure_pursuit_pkg__rosidl_generator_c
[0.052s] [ 10%] Built target ament_cmake_python_copy_pure_pursuit_pkg
[0.052s] [35m[1mConsolidate compiler generated dependencies of target pure_pursuit_pkg__rosidl_typesupport_cpp[0m
[0.052s] [35m[1mConsolidate compiler generated dependencies of target pure_pursuit_pkg__rosidl_typesupport_c[0m
[0.053s] [35m[1mConsolidate compiler generated dependencies of target pure_pursuit_pkg__rosidl_typesupport_fastrtps_cpp[0m
[0.053s] [35m[1mConsolidate compiler generated dependencies of target pure_pursuit_pkg__rosidl_typesupport_introspection_c[0m
[0.055s] [35m[1mConsolidate compiler generated dependencies of target pure_pursuit_pkg__rosidl_typesupport_introspection_cpp[0m
[0.063s] [ 18%] Built target pure_pursuit_pkg__rosidl_typesupport_introspection_c
[0.064s] [35m[1mConsolidate compiler generated dependencies of target pure_pursuit_pkg__rosidl_typesupport_fastrtps_c[0m
[0.065s] [ 27%] Built target pure_pursuit_pkg__rosidl_typesupport_c
[0.067s] [ 35%] Built target pure_pursuit_pkg__rosidl_typesupport_introspection_cpp
[0.069s] [ 43%] Built target pure_pursuit_pkg__rosidl_typesupport_fastrtps_cpp
[0.070s] [ 51%] Built target pure_pursuit_pkg__rosidl_typesupport_cpp
[0.076s] [ 59%] Built target pure_pursuit_pkg__rosidl_typesupport_fastrtps_c
[0.085s] [ 62%] [32mBuilding CXX object CMakeFiles/waypoint_tools_lib.dir/src/waypoint_tools/WayPointPathTools.cpp.o[0m
[0.089s] [ 62%] Built target pure_pursuit_pkg
[0.089s] [ 64%] [32mBuilding CXX object CMakeFiles/waypoints_node.dir/src/waypoints_node.cpp.o[0m
[0.108s] [ 67%] [34m[1mGenerating Python code for ROS interfaces[0m
[0.242s] [01m[K/home/rinese/RM/RM_prac/src/pure_pursuit_pkg/src/waypoints_node.cpp:2:10:[m[K [01;31m[Kfatal error: [m[Kpure_pursuit_controller_pkg/msg/way_point_path.hpp: No existe el archivo o el directorio
[0.242s]     2 | #include [01;31m[K"pure_pursuit_controller_pkg/msg/way_point_path.hpp"[m[K
[0.242s]       |          [01;31m[K^~~~~~~~~~~~~~~~~~~~~~~~~~~~~~~~~~~~~~~~~~~~~~~~~~~~[m[K
[0.242s] compilation terminated.
[0.245s] gmake[2]: *** [CMakeFiles/waypoints_node.dir/build.make:76: CMakeFiles/waypoints_node.dir/src/waypoints_node.cpp.o] Error 1
[0.245s] gmake[1]: *** [CMakeFiles/Makefile2:651: CMakeFiles/waypoints_node.dir/all] Error 2
[0.245s] gmake[1]: *** Se espera a que terminen otras tareas....
[0.250s] running egg_info
[0.250s] writing pure_pursuit_pkg.egg-info/PKG-INFO
[0.250s] writing dependency_links to pure_pursuit_pkg.egg-info/dependency_links.txt
[0.250s] writing top-level names to pure_pursuit_pkg.egg-info/top_level.txt
[0.253s] reading manifest file 'pure_pursuit_pkg.egg-info/SOURCES.txt'
[0.253s] writing manifest file 'pure_pursuit_pkg.egg-info/SOURCES.txt'
[0.273s] [ 67%] Built target ament_cmake_python_build_pure_pursuit_pkg_egg
[0.396s] [ 67%] Built target pure_pursuit_pkg__py
[0.536s] [01m[K/home/rinese/RM/RM_prac/src/pure_pursuit_pkg/src/waypoint_tools/WayPointPathTools.cpp:6:45:[m[K [01;31m[Kerror: [m[Kexpected constructor, destructor, or type conversion before â€˜[01m[K([m[Kâ€™ token
[0.536s]     6 |         WayPointPathTools::WayPointPathTools[01;31m[K([m[Kpure_pursuit_controller_pkg::msg::WayPointPath path_points, double l)
[0.536s]       |                                             [01;31m[K^[m[K
[0.537s] [01m[K/home/rinese/RM/RM_prac/src/pure_pursuit_pkg/src/waypoint_tools/WayPointPathTools.cpp:7:28:[m[K [01;31m[Kerror: [m[Kexpected unqualified-id before â€˜[01m[K,[m[Kâ€™ token
[0.537s]     7 |         : path{path_points}[01;31m[K,[m[K L{l} {}
[0.537s]       |                            [01;31m[K^[m[K
[0.537s] [01m[K/home/rinese/RM/RM_prac/src/pure_pursuit_pkg/src/waypoint_tools/WayPointPathTools.cpp:7:31:[m[K [01;31m[Kerror: [m[Kexpected constructor, destructor, or type conversion before â€˜[01m[K{[m[Kâ€™ token
[0.537s]     7 |         : path{path_points}, L[01;31m[K{[m[Kl} {}
[0.537s]       |                               [01;31m[K^[m[K
[0.537s] [01m[K/home/rinese/RM/RM_prac/src/pure_pursuit_pkg/src/waypoint_tools/WayPointPathTools.cpp:7:35:[m[K [01;31m[Kerror: [m[Kexpected unqualified-id before â€˜[01m[K{[m[Kâ€™ token
[0.537s]     7 |         : path{path_points}, L{l} [01;31m[K{[m[K}
[0.537s]       |                                   [01;31m[K^[m[K
[0.611s] gmake[2]: *** [CMakeFiles/waypoint_tools_lib.dir/build.make:76: CMakeFiles/waypoint_tools_lib.dir/src/waypoint_tools/WayPointPathTools.cpp.o] Error 1
[0.611s] gmake[1]: *** [CMakeFiles/Makefile2:596: CMakeFiles/waypoint_tools_lib.dir/all] Error 2
[0.611s] gmake: *** [Makefile:146: all] Error 2
[0.613s] Invoked command in '/home/rinese/RM/RM_prac/build/pure_pursuit_pkg' returned '2': CMAKE_PREFIX_PATH=/opt/ros/humble /usr/bin/cmake --build /home/rinese/RM/RM_prac/build/pure_pursuit_pkg -- -j8 -l8
