[0.000000] (-) TimerEvent: {}
[0.000368] (-) JobUnselected: {'identifier': 'bringup_turtlebot3_pkg'}
[0.000431] (-) JobUnselected: {'identifier': 'intro_ros_pkg'}
[0.000443] (-) JobUnselected: {'identifier': 'kinematic_control_pkg'}
[0.000453] (-) JobUnselected: {'identifier': 'navigation_pkg'}
[0.000463] (-) JobUnselected: {'identifier': 'slam_pkg'}
[0.000472] (-) JobUnselected: {'identifier': 'transformations_pkg'}
[0.000481] (-) JobUnselected: {'identifier': 'turtlebot3_coppeliasim'}
[0.000492] (pure_pursuit_pkg) JobQueued: {'identifier': 'pure_pursuit_pkg', 'dependencies': OrderedDict()}
[0.000504] (pure_pursuit_pkg) JobStarted: {'identifier': 'pure_pursuit_pkg'}
[0.004884] (pure_pursuit_pkg) JobProgress: {'identifier': 'pure_pursuit_pkg', 'progress': 'cmake'}
[0.005288] (pure_pursuit_pkg) JobProgress: {'identifier': 'pure_pursuit_pkg', 'progress': 'build'}
[0.005869] (pure_pursuit_pkg) Command: {'cmd': ['/usr/bin/cmake', '--build', '/home/rinese/RM/RM_prac/build/pure_pursuit_pkg', '--', '-j8', '-l8'], 'cwd': '/home/rinese/RM/RM_prac/build/pure_pursuit_pkg', 'env': OrderedDict([('LESSOPEN', '| /usr/bin/lesspipe %s'), ('USER', 'rinese'), ('XDG_SESSION_TYPE', 'wayland'), ('SHLVL', '1'), ('LD_LIBRARY_PATH', '/usr/lib/x86_64-linux-gnu/gazebo-11/plugins:/opt/ros/humble/opt/rviz_ogre_vendor/lib:/opt/ros/humble/lib/x86_64-linux-gnu:/opt/ros/humble/lib'), ('HOME', '/home/rinese'), ('OLDPWD', '/home/rinese/RM/RM_prac/src'), ('DESKTOP_SESSION', 'ubuntu'), ('ROS_PYTHON_VERSION', '3'), ('GNOME_SHELL_SESSION_MODE', 'ubuntu'), ('GTK_MODULES', 'gail:atk-bridge'), ('SYSTEMD_EXEC_PID', '1562'), ('DBUS_SESSION_BUS_ADDRESS', 'unix:path=/run/user/1000/bus'), ('COLORTERM', 'truecolor'), ('IM_CONFIG_PHASE', '1'), ('WAYLAND_DISPLAY', 'wayland-0'), ('ROS_DISTRO', 'humble'), ('LOGNAME', 'rinese'), ('_', '/usr/bin/colcon'), ('ROS_VERSION', '2'), ('XDG_SESSION_CLASS', 'user'), ('USERNAME', 'rinese'), ('TERM', 'xterm-256color'), ('GNOME_DESKTOP_SESSION_ID', 'this-is-deprecated'), ('ROS_LOCALHOST_ONLY', '0'), ('PATH', '/opt/ros/humble/bin:/home/rinese/.local/bin:/usr/local/sbin:/usr/local/bin:/usr/sbin:/usr/bin:/sbin:/bin:/usr/games:/usr/local/games:/snap/bin:/snap/bin'), ('SESSION_MANAGER', 'local/ubuntu-machine:@/tmp/.ICE-unix/1534,unix/ubuntu-machine:/tmp/.ICE-unix/1534'), ('XDG_MENU_PREFIX', 'gnome-'), ('GNOME_TERMINAL_SCREEN', '/org/gnome/Terminal/screen/6fdd0cf9_07a9_41c8_85bd_a20eab474674'), ('GNOME_SETUP_DISPLAY', ':1'), ('XDG_RUNTIME_DIR', '/run/user/1000'), ('DISPLAY', ':0'), ('LANG', 'es_ES.UTF-8'), ('XDG_CURRENT_DESKTOP', 'ubuntu:GNOME'), ('XMODIFIERS', '@im=ibus'), ('XDG_SESSION_DESKTOP', 'ubuntu'), ('XAUTHORITY', '/run/user/1000/.mutter-Xwaylandauth.DR98J3'), ('LS_COLORS', 'rs=0:di=01;34:ln=01;36:mh=00:pi=40;33:so=01;35:do=01;35:bd=40;33;01:cd=40;33;01:or=40;31;01:mi=00:su=37;41:sg=30;43:ca=30;41:tw=30;42:ow=34;42:st=37;44:ex=01;32:*.tar=01;31:*.tgz=01;31:*.arc=01;31:*.arj=01;31:*.taz=01;31:*.lha=01;31:*.lz4=01;31:*.lzh=01;31:*.lzma=01;31:*.tlz=01;31:*.txz=01;31:*.tzo=01;31:*.t7z=01;31:*.zip=01;31:*.z=01;31:*.dz=01;31:*.gz=01;31:*.lrz=01;31:*.lz=01;31:*.lzo=01;31:*.xz=01;31:*.zst=01;31:*.tzst=01;31:*.bz2=01;31:*.bz=01;31:*.tbz=01;31:*.tbz2=01;31:*.tz=01;31:*.deb=01;31:*.rpm=01;31:*.jar=01;31:*.war=01;31:*.ear=01;31:*.sar=01;31:*.rar=01;31:*.alz=01;31:*.ace=01;31:*.zoo=01;31:*.cpio=01;31:*.7z=01;31:*.rz=01;31:*.cab=01;31:*.wim=01;31:*.swm=01;31:*.dwm=01;31:*.esd=01;31:*.jpg=01;35:*.jpeg=01;35:*.mjpg=01;35:*.mjpeg=01;35:*.gif=01;35:*.bmp=01;35:*.pbm=01;35:*.pgm=01;35:*.ppm=01;35:*.tga=01;35:*.xbm=01;35:*.xpm=01;35:*.tif=01;35:*.tiff=01;35:*.png=01;35:*.svg=01;35:*.svgz=01;35:*.mng=01;35:*.pcx=01;35:*.mov=01;35:*.mpg=01;35:*.mpeg=01;35:*.m2v=01;35:*.mkv=01;35:*.webm=01;35:*.webp=01;35:*.ogm=01;35:*.mp4=01;35:*.m4v=01;35:*.mp4v=01;35:*.vob=01;35:*.qt=01;35:*.nuv=01;35:*.wmv=01;35:*.asf=01;35:*.rm=01;35:*.rmvb=01;35:*.flc=01;35:*.avi=01;35:*.fli=01;35:*.flv=01;35:*.gl=01;35:*.dl=01;35:*.xcf=01;35:*.xwd=01;35:*.yuv=01;35:*.cgm=01;35:*.emf=01;35:*.ogv=01;35:*.ogx=01;35:*.aac=00;36:*.au=00;36:*.flac=00;36:*.m4a=00;36:*.mid=00;36:*.midi=00;36:*.mka=00;36:*.mp3=00;36:*.mpc=00;36:*.ogg=00;36:*.ra=00;36:*.wav=00;36:*.oga=00;36:*.opus=00;36:*.spx=00;36:*.xspf=00;36:'), ('GNOME_TERMINAL_SERVICE', ':1.129'), ('SSH_AGENT_LAUNCHER', 'gnome-keyring'), ('SSH_AUTH_SOCK', '/run/user/1000/keyring/ssh'), ('ROS_DOMAIN_ID', '30'), ('AMENT_PREFIX_PATH', '/opt/ros/humble'), ('SHELL', '/bin/bash'), ('QT_ACCESSIBILITY', '1'), ('GDMSESSION', 'ubuntu'), ('LESSCLOSE', '/usr/bin/lesspipe %s %s'), ('QT_IM_MODULE', 'ibus'), ('PWD', '/home/rinese/RM/RM_prac/build/pure_pursuit_pkg'), ('TURTLEBOT3_MODEL', 'burger'), ('XDG_CONFIG_DIRS', '/etc/xdg/xdg-ubuntu:/etc/xdg'), ('XDG_DATA_DIRS', '/usr/share/ubuntu:/usr/local/share/:/usr/share/:/var/lib/snapd/desktop'), ('PYTHONPATH', '/opt/ros/humble/lib/python3.10/site-packages:/opt/ros/humble/local/lib/python3.10/dist-packages'), ('COLCON', '1'), ('VTE_VERSION', '6800'), ('CMAKE_PREFIX_PATH', '/opt/ros/humble')]), 'shell': False}
[0.048766] (pure_pursuit_pkg) StdoutLine: {'line': b'[  2%] Built target pure_pursuit_pkg__cpp\n'}
[0.049034] (pure_pursuit_pkg) StdoutLine: {'line': b'[ 10%] Built target pure_pursuit_pkg__rosidl_generator_c\n'}
[0.056303] (pure_pursuit_pkg) StdoutLine: {'line': b'[ 10%] Built target ament_cmake_python_copy_pure_pursuit_pkg\n'}
[0.072505] (pure_pursuit_pkg) StdoutLine: {'line': b'[ 18%] Built target pure_pursuit_pkg__rosidl_typesupport_cpp\n'}
[0.078116] (pure_pursuit_pkg) StdoutLine: {'line': b'[ 32%] Built target pure_pursuit_pkg__rosidl_typesupport_introspection_cpp\n'}
[0.078374] (pure_pursuit_pkg) StdoutLine: {'line': b'[ 35%] Built target pure_pursuit_pkg__rosidl_typesupport_fastrtps_cpp\n'}
[0.083469] (pure_pursuit_pkg) StdoutLine: {'line': b'[ 43%] Built target pure_pursuit_pkg__rosidl_typesupport_c\n'}
[0.084583] (pure_pursuit_pkg) StdoutLine: {'line': b'[ 51%] Built target pure_pursuit_pkg__rosidl_typesupport_introspection_c\n'}
[0.085519] (pure_pursuit_pkg) StdoutLine: {'line': b'[ 59%] Built target pure_pursuit_pkg__rosidl_typesupport_fastrtps_c\n'}
[0.094299] (pure_pursuit_pkg) StdoutLine: {'line': b'[ 62%] \x1b[32mBuilding CXX object CMakeFiles/waypoints_node.dir/src/waypoints_node.cpp.o\x1b[0m\n'}
[0.096986] (pure_pursuit_pkg) StdoutLine: {'line': b'[ 64%] \x1b[32mBuilding CXX object CMakeFiles/waypoint_tools_lib.dir/src/waypoint_tools/WayPointPathTools.cpp.o\x1b[0m\n'}
[0.099809] (-) TimerEvent: {}
[0.103230] (pure_pursuit_pkg) StdoutLine: {'line': b'[ 64%] Built target pure_pursuit_pkg\n'}
[0.123848] (pure_pursuit_pkg) StdoutLine: {'line': b'[ 67%] Built target pure_pursuit_pkg__py\n'}
[0.146182] (pure_pursuit_pkg) StdoutLine: {'line': b'[ 72%] Built target pure_pursuit_pkg__rosidl_generator_py\n'}
[0.177315] (pure_pursuit_pkg) StdoutLine: {'line': b'[ 89%] Built target pure_pursuit_pkg__rosidl_typesupport_fastrtps_c__pyext\n'}
[0.177545] (pure_pursuit_pkg) StdoutLine: {'line': b'[ 89%] Built target pure_pursuit_pkg__rosidl_typesupport_c__pyext\n'}
[0.177665] (pure_pursuit_pkg) StdoutLine: {'line': b'[ 89%] Built target pure_pursuit_pkg__rosidl_typesupport_introspection_c__pyext\n'}
[0.178415] (pure_pursuit_pkg) StderrLine: {'line': b'\x1b[01m\x1b[K/home/rinese/RM/RM_prac/src/pure_pursuit_pkg/src/waypoint_tools/WayPointPathTools.cpp:3:10:\x1b[m\x1b[K \x1b[01;31m\x1b[Kfatal error: \x1b[m\x1b[Kpure_pursuit_pkg/WayPointPathTools.hpp: No existe el archivo o el directorio\n'}
[0.178625] (pure_pursuit_pkg) StderrLine: {'line': b'    3 | #include \x1b[01;31m\x1b[K"pure_pursuit_pkg/WayPointPathTools.hpp"\x1b[m\x1b[K\n'}
[0.178740] (pure_pursuit_pkg) StderrLine: {'line': b'      |          \x1b[01;31m\x1b[K^~~~~~~~~~~~~~~~~~~~~~~~~~~~~~~~~~~~~~~~\x1b[m\x1b[K\n'}
[0.178836] (pure_pursuit_pkg) StderrLine: {'line': b'compilation terminated.\n'}
[0.186278] (pure_pursuit_pkg) StderrLine: {'line': b'gmake[2]: *** [CMakeFiles/waypoint_tools_lib.dir/build.make:76: CMakeFiles/waypoint_tools_lib.dir/src/waypoint_tools/WayPointPathTools.cpp.o] Error 1\n'}
[0.186473] (pure_pursuit_pkg) StderrLine: {'line': b'gmake[1]: *** [CMakeFiles/Makefile2:596: CMakeFiles/waypoint_tools_lib.dir/all] Error 2\n'}
[0.186544] (pure_pursuit_pkg) StderrLine: {'line': b'gmake[1]: *** Se espera a que terminen otras tareas....\n'}
[0.199891] (-) TimerEvent: {}
[0.300096] (-) TimerEvent: {}
[0.304160] (pure_pursuit_pkg) StdoutLine: {'line': b'running egg_info\n'}
[0.304696] (pure_pursuit_pkg) StdoutLine: {'line': b'writing pure_pursuit_pkg.egg-info/PKG-INFO\n'}
[0.304795] (pure_pursuit_pkg) StdoutLine: {'line': b'writing dependency_links to pure_pursuit_pkg.egg-info/dependency_links.txt\n'}
[0.304858] (pure_pursuit_pkg) StdoutLine: {'line': b'writing top-level names to pure_pursuit_pkg.egg-info/top_level.txt\n'}
[0.307932] (pure_pursuit_pkg) StdoutLine: {'line': b"reading manifest file 'pure_pursuit_pkg.egg-info/SOURCES.txt'\n"}
[0.308363] (pure_pursuit_pkg) StdoutLine: {'line': b"writing manifest file 'pure_pursuit_pkg.egg-info/SOURCES.txt'\n"}
[0.328196] (pure_pursuit_pkg) StdoutLine: {'line': b'[ 89%] Built target ament_cmake_python_build_pure_pursuit_pkg_egg\n'}
[0.400182] (-) TimerEvent: {}
[0.500503] (-) TimerEvent: {}
[0.600841] (-) TimerEvent: {}
[0.701151] (-) TimerEvent: {}
[0.801463] (-) TimerEvent: {}
[0.901717] (-) TimerEvent: {}
[1.001963] (-) TimerEvent: {}
[1.102301] (-) TimerEvent: {}
[1.202621] (-) TimerEvent: {}
[1.302940] (-) TimerEvent: {}
[1.403276] (-) TimerEvent: {}
[1.503642] (-) TimerEvent: {}
[1.603965] (-) TimerEvent: {}
[1.704316] (-) TimerEvent: {}
[1.804644] (-) TimerEvent: {}
[1.904963] (-) TimerEvent: {}
[2.005296] (-) TimerEvent: {}
[2.105611] (-) TimerEvent: {}
[2.205956] (-) TimerEvent: {}
[2.306426] (-) TimerEvent: {}
[2.406773] (-) TimerEvent: {}
[2.506982] (-) TimerEvent: {}
[2.607330] (-) TimerEvent: {}
[2.707640] (-) TimerEvent: {}
[2.807958] (-) TimerEvent: {}
[2.908264] (-) TimerEvent: {}
[3.008506] (-) TimerEvent: {}
[3.082047] (pure_pursuit_pkg) StdoutLine: {'line': b'[ 91%] \x1b[32m\x1b[1mLinking CXX executable waypoints_node\x1b[0m\n'}
[3.108623] (-) TimerEvent: {}
[3.208889] (-) TimerEvent: {}
[3.223177] (pure_pursuit_pkg) StdoutLine: {'line': b'[ 91%] Built target waypoints_node\n'}
[3.223805] (pure_pursuit_pkg) StderrLine: {'line': b'gmake: *** [Makefile:146: all] Error 2\n'}
[3.225112] (pure_pursuit_pkg) CommandEnded: {'returncode': 2}
[3.230594] (pure_pursuit_pkg) JobEnded: {'identifier': 'pure_pursuit_pkg', 'rc': 2}
[3.241036] (-) EventReactorShutdown: {}
